Started GET "/" for ::1 at 2020-05-15 20:37:08 +0800
  
ActiveRecord::NoDatabaseError (FATAL:  database "pinspiration_development" does not exist
):
  
activerecord (5.2.4.2) lib/active_record/connection_adapters/postgresql_adapter.rb:696:in `rescue in connect'
activerecord (5.2.4.2) lib/active_record/connection_adapters/postgresql_adapter.rb:691:in `connect'
activerecord (5.2.4.2) lib/active_record/connection_adapters/postgresql_adapter.rb:223:in `initialize'
activerecord (5.2.4.2) lib/active_record/connection_adapters/postgresql_adapter.rb:48:in `new'
activerecord (5.2.4.2) lib/active_record/connection_adapters/postgresql_adapter.rb:48:in `postgresql_connection'
activerecord (5.2.4.2) lib/active_record/connection_adapters/abstract/connection_pool.rb:830:in `new_connection'
activerecord (5.2.4.2) lib/active_record/connection_adapters/abstract/connection_pool.rb:874:in `checkout_new_connection'
activerecord (5.2.4.2) lib/active_record/connection_adapters/abstract/connection_pool.rb:853:in `try_to_checkout_new_connection'
activerecord (5.2.4.2) lib/active_record/connection_adapters/abstract/connection_pool.rb:814:in `acquire_connection'
activerecord (5.2.4.2) lib/active_record/connection_adapters/abstract/connection_pool.rb:538:in `checkout'
activerecord (5.2.4.2) lib/active_record/connection_adapters/abstract/connection_pool.rb:382:in `connection'
activerecord (5.2.4.2) lib/active_record/connection_adapters/abstract/connection_pool.rb:1033:in `retrieve_connection'
activerecord (5.2.4.2) lib/active_record/connection_handling.rb:118:in `retrieve_connection'
activerecord (5.2.4.2) lib/active_record/connection_handling.rb:90:in `connection'
activerecord (5.2.4.2) lib/active_record/migration.rb:554:in `call'
actionpack (5.2.4.2) lib/action_dispatch/middleware/callbacks.rb:28:in `block in call'
activesupport (5.2.4.2) lib/active_support/callbacks.rb:98:in `run_callbacks'
actionpack (5.2.4.2) lib/action_dispatch/middleware/callbacks.rb:26:in `call'
actionpack (5.2.4.2) lib/action_dispatch/middleware/executor.rb:14:in `call'
actionpack (5.2.4.2) lib/action_dispatch/middleware/debug_exceptions.rb:61:in `call'
web-console (3.7.0) lib/web_console/middleware.rb:135:in `call_app'
web-console (3.7.0) lib/web_console/middleware.rb:30:in `block in call'
web-console (3.7.0) lib/web_console/middleware.rb:20:in `catch'
web-console (3.7.0) lib/web_console/middleware.rb:20:in `call'
actionpack (5.2.4.2) lib/action_dispatch/middleware/show_exceptions.rb:33:in `call'
railties (5.2.4.2) lib/rails/rack/logger.rb:38:in `call_app'
railties (5.2.4.2) lib/rails/rack/logger.rb:26:in `block in call'
activesupport (5.2.4.2) lib/active_support/tagged_logging.rb:71:in `block in tagged'
activesupport (5.2.4.2) lib/active_support/tagged_logging.rb:28:in `tagged'
activesupport (5.2.4.2) lib/active_support/tagged_logging.rb:71:in `tagged'
railties (5.2.4.2) lib/rails/rack/logger.rb:26:in `call'
sprockets-rails (3.2.1) lib/sprockets/rails/quiet_assets.rb:13:in `call'
actionpack (5.2.4.2) lib/action_dispatch/middleware/remote_ip.rb:81:in `call'
actionpack (5.2.4.2) lib/action_dispatch/middleware/request_id.rb:27:in `call'
rack (2.2.2) lib/rack/method_override.rb:24:in `call'
rack (2.2.2) lib/rack/runtime.rb:22:in `call'
activesupport (5.2.4.2) lib/active_support/cache/strategy/local_cache_middleware.rb:29:in `call'
actionpack (5.2.4.2) lib/action_dispatch/middleware/executor.rb:14:in `call'
actionpack (5.2.4.2) lib/action_dispatch/middleware/static.rb:127:in `call'
rack (2.2.2) lib/rack/sendfile.rb:110:in `call'
railties (5.2.4.2) lib/rails/engine.rb:524:in `call'
puma (3.12.4) lib/puma/configuration.rb:227:in `call'
puma (3.12.4) lib/puma/server.rb:675:in `handle_request'
puma (3.12.4) lib/puma/server.rb:476:in `process_client'
puma (3.12.4) lib/puma/server.rb:334:in `block in run'
puma (3.12.4) lib/puma/thread_pool.rb:135:in `block in spawn_thread'
  [1m[35m (190.8ms)[0m  [1m[35mCREATE DATABASE "pinspiration_development" ENCODING = 'unicode'[0m
  ↳ bin/rails:9
  [1m[35m (54.4ms)[0m  [1m[35mCREATE DATABASE "pinspiration_test" ENCODING = 'unicode'[0m
  ↳ bin/rails:9
Started GET "/" for ::1 at 2020-05-15 20:37:33 +0800
Processing by Rails::WelcomeController#index as HTML
  Rendering /Users/nausheen/.rbenv/versions/2.5.1/lib/ruby/gems/2.5.0/gems/railties-5.2.4.2/lib/rails/templates/rails/welcome/index.html.erb
  Rendered /Users/nausheen/.rbenv/versions/2.5.1/lib/ruby/gems/2.5.0/gems/railties-5.2.4.2/lib/rails/templates/rails/welcome/index.html.erb (2.1ms)
Completed 200 OK in 10ms (Views: 6.6ms | ActiveRecord: 0.0ms)


  [1m[35m (11.4ms)[0m  [1m[35mCREATE TABLE "schema_migrations" ("version" character varying NOT NULL PRIMARY KEY)[0m
  ↳ bin/rails:9
  [1m[35m (7.8ms)[0m  [1m[35mCREATE TABLE "ar_internal_metadata" ("key" character varying NOT NULL PRIMARY KEY, "value" character varying, "created_at" timestamp NOT NULL, "updated_at" timestamp NOT NULL)[0m
  ↳ bin/rails:9
  [1m[35m (0.2ms)[0m  [1m[34mSELECT pg_try_advisory_lock(8440331273687646585)[0m
  ↳ bin/rails:9
  [1m[35m (0.4ms)[0m  [1m[34mSELECT "schema_migrations"."version" FROM "schema_migrations" ORDER BY "schema_migrations"."version" ASC[0m
  ↳ bin/rails:9
Migrating to Pins (20200515123758)
  [1m[35m (0.2ms)[0m  [1m[35mBEGIN[0m
  ↳ bin/rails:9
  [1m[35m (10.6ms)[0m  [1m[35mCREATE TABLE "pins" ("id" bigserial primary key, "title" character varying, "image" text, "created_at" timestamp NOT NULL, "updated_at" timestamp NOT NULL)[0m
  ↳ db/migrate/20200515123758_pins.rb:3
  [1m[36mActiveRecord::SchemaMigration Create (0.4ms)[0m  [1m[32mINSERT INTO "schema_migrations" ("version") VALUES ($1) RETURNING "version"[0m  [["version", "20200515123758"]]
  ↳ bin/rails:9
  [1m[35m (0.4ms)[0m  [1m[35mCOMMIT[0m
  ↳ bin/rails:9
Migrating to DeviseCreateUsers (20200515125614)
  [1m[35m (0.2ms)[0m  [1m[35mBEGIN[0m
  ↳ bin/rails:9
  [1m[35m (3.7ms)[0m  [1m[35mCREATE TABLE "users" ("id" bigserial primary key, "email" character varying DEFAULT '' NOT NULL, "encrypted_password" character varying DEFAULT '' NOT NULL, "reset_password_token" character varying, "reset_password_sent_at" timestamp, "remember_created_at" timestamp, "created_at" timestamp NOT NULL, "updated_at" timestamp NOT NULL)[0m
  ↳ db/migrate/20200515125614_devise_create_users.rb:5
  [1m[35m (0.9ms)[0m  [1m[35mCREATE UNIQUE INDEX  "index_users_on_email" ON "users"  ("email")[0m
  ↳ db/migrate/20200515125614_devise_create_users.rb:39
  [1m[35m (0.9ms)[0m  [1m[35mCREATE UNIQUE INDEX  "index_users_on_reset_password_token" ON "users"  ("reset_password_token")[0m
  ↳ db/migrate/20200515125614_devise_create_users.rb:40
  [1m[36mActiveRecord::SchemaMigration Create (0.3ms)[0m  [1m[32mINSERT INTO "schema_migrations" ("version") VALUES ($1) RETURNING "version"[0m  [["version", "20200515125614"]]
  ↳ bin/rails:9
  [1m[35m (0.4ms)[0m  [1m[35mCOMMIT[0m
  ↳ bin/rails:9
  [1m[36mActiveRecord::InternalMetadata Load (0.3ms)[0m  [1m[34mSELECT  "ar_internal_metadata".* FROM "ar_internal_metadata" WHERE "ar_internal_metadata"."key" = $1 LIMIT $2[0m  [["key", "environment"], ["LIMIT", 1]]
  ↳ bin/rails:9
  [1m[35m (0.2ms)[0m  [1m[35mBEGIN[0m
  ↳ bin/rails:9
  [1m[36mActiveRecord::InternalMetadata Create (0.4ms)[0m  [1m[32mINSERT INTO "ar_internal_metadata" ("key", "value", "created_at", "updated_at") VALUES ($1, $2, $3, $4) RETURNING "key"[0m  [["key", "environment"], ["value", "development"], ["created_at", "2020-05-15 12:58:37.530294"], ["updated_at", "2020-05-15 12:58:37.530294"]]
  ↳ bin/rails:9
  [1m[35m (0.4ms)[0m  [1m[35mCOMMIT[0m
  ↳ bin/rails:9
  [1m[35m (0.2ms)[0m  [1m[34mSELECT pg_advisory_unlock(8440331273687646585)[0m
  ↳ bin/rails:9
  [1m[35m (0.2ms)[0m  [1m[34mSELECT "schema_migrations"."version" FROM "schema_migrations" ORDER BY "schema_migrations"."version" ASC[0m
  ↳ bin/rails:9
  [1m[35m (0.2ms)[0m  [1m[34mSELECT pg_try_advisory_lock(8440331273687646585)[0m
  ↳ bin/rails:9
  [1m[35m (0.6ms)[0m  [1m[34mSELECT "schema_migrations"."version" FROM "schema_migrations" ORDER BY "schema_migrations"."version" ASC[0m
  ↳ bin/rails:9
Migrating to AddUserToPins (20200515125915)
  [1m[35m (0.1ms)[0m  [1m[35mBEGIN[0m
  ↳ bin/rails:9
  [1m[35m (0.7ms)[0m  [1m[35mALTER TABLE "pins" ADD "user_id" bigint[0m
  ↳ db/migrate/20200515125915_add_user_to_pins.rb:3
  [1m[35m (1.9ms)[0m  [1m[35mCREATE  INDEX  "index_pins_on_user_id" ON "pins"  ("user_id")[0m
  ↳ db/migrate/20200515125915_add_user_to_pins.rb:3
  [1m[35m (2.8ms)[0m  [1m[35mALTER TABLE "pins" ADD CONSTRAINT "fk_rails_51b0c024f1"
FOREIGN KEY ("user_id")
  REFERENCES "users" ("id")
[0m
  ↳ db/migrate/20200515125915_add_user_to_pins.rb:3
  [1m[36mActiveRecord::SchemaMigration Create (0.2ms)[0m  [1m[32mINSERT INTO "schema_migrations" ("version") VALUES ($1) RETURNING "version"[0m  [["version", "20200515125915"]]
  ↳ bin/rails:9
  [1m[35m (0.5ms)[0m  [1m[35mCOMMIT[0m
  ↳ bin/rails:9
  [1m[36mActiveRecord::InternalMetadata Load (0.3ms)[0m  [1m[34mSELECT  "ar_internal_metadata".* FROM "ar_internal_metadata" WHERE "ar_internal_metadata"."key" = $1 LIMIT $2[0m  [["key", "environment"], ["LIMIT", 1]]
  ↳ bin/rails:9
  [1m[35m (0.2ms)[0m  [1m[35mBEGIN[0m
  ↳ bin/rails:9
  [1m[35m (0.1ms)[0m  [1m[35mCOMMIT[0m
  ↳ bin/rails:9
  [1m[35m (0.2ms)[0m  [1m[34mSELECT pg_advisory_unlock(8440331273687646585)[0m
  ↳ bin/rails:9
  [1m[35m (0.2ms)[0m  [1m[34mSELECT "schema_migrations"."version" FROM "schema_migrations" ORDER BY "schema_migrations"."version" ASC[0m
  ↳ bin/rails:9
Started GET "/pins/new" for ::1 at 2020-05-15 21:16:51 +0800
  [1m[35m (0.6ms)[0m  [1m[34mSELECT "schema_migrations"."version" FROM "schema_migrations" ORDER BY "schema_migrations"."version" ASC[0m
  ↳ /Users/nausheen/.rbenv/versions/2.5.1/lib/ruby/gems/2.5.0/gems/activerecord-5.2.4.2/lib/active_record/log_subscriber.rb:98
Processing by PinsController#new as HTML
  Rendering pins/new.html.erb within layouts/application
  Rendered pins/new.html.erb within layouts/application (27.1ms)
Completed 200 OK in 235ms (Views: 233.8ms | ActiveRecord: 0.0ms)


Started POST "/pins" for ::1 at 2020-05-15 21:18:03 +0800
Processing by PinsController#create as HTML
  Parameters: {"utf8"=>"✓", "authenticity_token"=>"EsUuk63xPdrkg/H6ZeL6p/UtvdjeXKCyBrkamQEnKIxUQ01wjU+4iDyQQXX+Zm2r6KWBNS/n1xjHLNneufNGag==", "pin"=>{"title"=>"pin1", "text"=>"pin1.jpg"}, "commit"=>"Save Pin"}
  Rendering text template
  Rendered text template (0.0ms)
Completed 200 OK in 2ms (Views: 1.7ms | ActiveRecord: 0.0ms)


Started GET "/pins/new" for ::1 at 2020-05-15 21:22:37 +0800
Processing by PinsController#new as HTML
  Rendering pins/new.html.erb within layouts/application
  Rendered pins/new.html.erb within layouts/application (1.2ms)
Completed 200 OK in 14ms (Views: 12.3ms | ActiveRecord: 0.0ms)


Started POST "/pins" for ::1 at 2020-05-15 21:22:46 +0800
Processing by PinsController#create as HTML
  Parameters: {"utf8"=>"✓", "authenticity_token"=>"WPA39JXJaFXSjTM0t+JfIiO1B5FlUWurMxh57uCOQKsedlQXtXftBwqeg7ssZsguPj07fJTqHAHyjbqpWFouTQ==", "pin"=>{"title"=>"pin1", "text"=>"pin1.jpg"}, "commit"=>"Save Pin"}
Unpermitted parameter: :text
  [1m[35m (0.2ms)[0m  [1m[35mBEGIN[0m
  ↳ app/controllers/pins_controller.rb:17
  [1m[36mPin Create (1.4ms)[0m  [1m[32mINSERT INTO "pins" ("title", "created_at", "updated_at") VALUES ($1, $2, $3) RETURNING "id"[0m  [["title", "pin1"], ["created_at", "2020-05-15 13:22:46.906938"], ["updated_at", "2020-05-15 13:22:46.906938"]]
  ↳ app/controllers/pins_controller.rb:17
  [1m[35m (0.3ms)[0m  [1m[35mCOMMIT[0m
  ↳ app/controllers/pins_controller.rb:17
Redirected to http://localhost:3000/pins/1
Completed 302 Found in 16ms (ActiveRecord: 7.8ms)


Started GET "/pins/1" for ::1 at 2020-05-15 21:22:46 +0800
Processing by PinsController#show as HTML
  Parameters: {"id"=>"1"}
  [1m[36mPin Load (0.3ms)[0m  [1m[34mSELECT  "pins".* FROM "pins" WHERE "pins"."id" = $1 LIMIT $2[0m  [["id", 1], ["LIMIT", 1]]
  ↳ app/controllers/pins_controller.rb:6
  Rendering pins/show.html.erb within layouts/application
  Rendered pins/show.html.erb within layouts/application (4.7ms)
Completed 500 Internal Server Error in 15ms (ActiveRecord: 0.4ms)


  
ActionView::Template::Error (undefined method `text' for #<Pin:0x00007fe1dc0a0ee0>):
    5: 
    6: <p>
    7:   <strong>Image:</strong>
    8:   <%= @pin.text %>
    9: </p>
  
app/views/pins/show.html.erb:8:in `_app_views_pins_show_html_erb__1892168256122096404_70304014798580'
Started GET "/pins/1" for ::1 at 2020-05-15 21:23:07 +0800
Processing by PinsController#show as HTML
  Parameters: {"id"=>"1"}
  [1m[36mPin Load (0.4ms)[0m  [1m[34mSELECT  "pins".* FROM "pins" WHERE "pins"."id" = $1 LIMIT $2[0m  [["id", 1], ["LIMIT", 1]]
  ↳ app/controllers/pins_controller.rb:6
  Rendering pins/show.html.erb within layouts/application
  Rendered pins/show.html.erb within layouts/application (0.3ms)
Completed 200 OK in 17ms (Views: 14.3ms | ActiveRecord: 0.4ms)


Started GET "/" for ::1 at 2020-05-15 21:24:59 +0800
Processing by PinsController#index as HTML
  Rendering pins/index.html.erb within layouts/application
  [1m[36mPin Load (0.3ms)[0m  [1m[34mSELECT "pins".* FROM "pins"[0m
  ↳ app/views/pins/index.html.erb:10
  Rendered pins/index.html.erb within layouts/application (9.5ms)
Completed 200 OK in 28ms (Views: 20.7ms | ActiveRecord: 5.1ms)


Started GET "/" for ::1 at 2020-05-15 21:27:11 +0800
Processing by PinsController#index as HTML
  Rendering pins/index.html.erb within layouts/application
  [1m[36mPin Load (0.3ms)[0m  [1m[34mSELECT "pins".* FROM "pins"[0m
  ↳ app/views/pins/index.html.erb:10
  Rendered pins/index.html.erb within layouts/application (8.4ms)
Completed 200 OK in 22ms (Views: 15.8ms | ActiveRecord: 4.0ms)


Started GET "/" for ::1 at 2020-05-15 21:27:13 +0800
Processing by PinsController#index as HTML
  Rendering pins/index.html.erb within layouts/application
  [1m[36mPin Load (0.6ms)[0m  [1m[34mSELECT "pins".* FROM "pins"[0m
  ↳ app/views/pins/index.html.erb:10
  Rendered pins/index.html.erb within layouts/application (2.1ms)
Completed 200 OK in 17ms (Views: 14.6ms | ActiveRecord: 0.6ms)


Started GET "/" for ::1 at 2020-05-15 21:29:09 +0800
Processing by PinsController#index as HTML
  Rendering pins/index.html.erb within layouts/application
  [1m[36mPin Load (0.4ms)[0m  [1m[34mSELECT "pins".* FROM "pins"[0m
  ↳ app/views/pins/index.html.erb:10
  Rendered pins/index.html.erb within layouts/application (12.7ms)
Completed 200 OK in 32ms (Views: 23.4ms | ActiveRecord: 6.0ms)


Started GET "/pins/1/edit" for ::1 at 2020-05-15 21:29:10 +0800
Processing by PinsController#edit as HTML
  Parameters: {"id"=>"1"}
  [1m[36mPin Load (0.4ms)[0m  [1m[34mSELECT  "pins".* FROM "pins" WHERE "pins"."id" = $1 LIMIT $2[0m  [["id", 1], ["LIMIT", 1]]
  ↳ app/controllers/pins_controller.rb:14
  Rendering pins/edit.html.erb within layouts/application
  Rendered pins/edit.html.erb within layouts/application (2.2ms)
Completed 200 OK in 23ms (Views: 18.5ms | ActiveRecord: 0.4ms)


Started PATCH "/pins/1" for ::1 at 2020-05-15 21:29:26 +0800
Processing by PinsController#update as HTML
  Parameters: {"utf8"=>"✓", "authenticity_token"=>"BfMMvQ9/1dZq4Mq8DR4wYRuo4NddNs2boHgFRa9ZClZDdW9eL8FQhLLzejOWmqdtBiDcOqyNujFh7cYCF41ksA==", "pin"=>{"title"=>"pin1", "image"=>"pin1.jpg"}, "commit"=>"Update Pin", "id"=>"1"}
  [1m[36mPin Load (0.3ms)[0m  [1m[34mSELECT  "pins".* FROM "pins" WHERE "pins"."id" = $1 LIMIT $2[0m  [["id", 1], ["LIMIT", 1]]
  ↳ app/controllers/pins_controller.rb:24
Completed 500 Internal Server Error in 113ms (ActiveRecord: 0.3ms)


  
NameError (undefined local variable or method `pin_params' for #<PinsController:0x00007fe1dc08f898>
Did you mean?  @_params):
  
app/controllers/pins_controller.rb:26:in `update'
Started PATCH "/pins/1" for ::1 at 2020-05-15 21:30:01 +0800
Processing by PinsController#update as HTML
  Parameters: {"utf8"=>"✓", "authenticity_token"=>"BfMMvQ9/1dZq4Mq8DR4wYRuo4NddNs2boHgFRa9ZClZDdW9eL8FQhLLzejOWmqdtBiDcOqyNujFh7cYCF41ksA==", "pin"=>{"title"=>"pin1", "image"=>"pin1.jpg"}, "commit"=>"Update Pin", "id"=>"1"}
  [1m[36mPin Load (0.3ms)[0m  [1m[34mSELECT  "pins".* FROM "pins" WHERE "pins"."id" = $1 LIMIT $2[0m  [["id", 1], ["LIMIT", 1]]
  ↳ app/controllers/pins_controller.rb:24
  [1m[35m (0.2ms)[0m  [1m[35mBEGIN[0m
  ↳ app/controllers/pins_controller.rb:26
  [1m[35m (0.1ms)[0m  [1m[31mROLLBACK[0m
  ↳ app/controllers/pins_controller.rb:26
Completed 500 Internal Server Error in 13ms (ActiveRecord: 5.1ms)


  
ArgumentError (When assigning attributes, you must pass a hash as an argument.):
  
app/controllers/pins_controller.rb:26:in `update'
Started GET "/pins/1" for ::1 at 2020-05-15 21:30:55 +0800
Processing by PinsController#show as HTML
  Parameters: {"id"=>"1"}
  [1m[36mPin Load (0.2ms)[0m  [1m[34mSELECT  "pins".* FROM "pins" WHERE "pins"."id" = $1 LIMIT $2[0m  [["id", 1], ["LIMIT", 1]]
  ↳ app/controllers/pins_controller.rb:7
  Rendering pins/show.html.erb within layouts/application
  Rendered pins/show.html.erb within layouts/application (0.3ms)
Completed 200 OK in 25ms (Views: 13.7ms | ActiveRecord: 4.2ms)


Started GET "/" for ::1 at 2020-05-15 21:31:00 +0800
Processing by PinsController#index as HTML
  Rendering pins/index.html.erb within layouts/application
  [1m[36mPin Load (0.3ms)[0m  [1m[34mSELECT "pins".* FROM "pins"[0m
  ↳ app/views/pins/index.html.erb:10
  Rendered pins/index.html.erb within layouts/application (1.7ms)
Completed 200 OK in 25ms (Views: 22.5ms | ActiveRecord: 0.3ms)


Started GET "/pins/1/edit" for ::1 at 2020-05-15 21:31:02 +0800
Processing by PinsController#edit as HTML
  Parameters: {"id"=>"1"}
  [1m[36mPin Load (0.2ms)[0m  [1m[34mSELECT  "pins".* FROM "pins" WHERE "pins"."id" = $1 LIMIT $2[0m  [["id", 1], ["LIMIT", 1]]
  ↳ app/controllers/pins_controller.rb:14
  Rendering pins/edit.html.erb within layouts/application
  Rendered pins/edit.html.erb within layouts/application (2.5ms)
Completed 200 OK in 23ms (Views: 20.9ms | ActiveRecord: 0.2ms)


Started PATCH "/pins/1" for ::1 at 2020-05-15 21:31:11 +0800
Processing by PinsController#update as HTML
  Parameters: {"utf8"=>"✓", "authenticity_token"=>"eO/rApyZuoyot28y3AiJ7OF5n4fi+B10l91lQRxTwCc+aYjhvCc/3nCk371HjB7g/PGjahNDat5WSKYGpIeuwQ==", "pin"=>{"title"=>"Pin1", "image"=>""}, "commit"=>"Update Pin", "id"=>"1"}
  [1m[36mPin Load (0.2ms)[0m  [1m[34mSELECT  "pins".* FROM "pins" WHERE "pins"."id" = $1 LIMIT $2[0m  [["id", 1], ["LIMIT", 1]]
  ↳ app/controllers/pins_controller.rb:24
Completed 500 Internal Server Error in 110ms (ActiveRecord: 0.2ms)


  
NameError (undefined local variable or method `pin_params' for #<PinsController:0x00007fe1dabb23f8>
Did you mean?  @_params):
  
app/controllers/pins_controller.rb:26:in `update'
Started PATCH "/pins/1" for ::1 at 2020-05-16 17:48:52 +0800
  [1m[35m (2.6ms)[0m  [1m[34mSELECT "schema_migrations"."version" FROM "schema_migrations" ORDER BY "schema_migrations"."version" ASC[0m
  ↳ /Users/nausheen/.rbenv/versions/2.5.1/lib/ruby/gems/2.5.0/gems/activerecord-5.2.4.2/lib/active_record/log_subscriber.rb:98
Processing by PinsController#update as HTML
  Parameters: {"utf8"=>"✓", "authenticity_token"=>"eO/rApyZuoyot28y3AiJ7OF5n4fi+B10l91lQRxTwCc+aYjhvCc/3nCk371HjB7g/PGjahNDat5WSKYGpIeuwQ==", "pin"=>{"title"=>"Pin1", "image"=>""}, "commit"=>"Update Pin", "id"=>"1"}
  [1m[36mPin Load (2.1ms)[0m  [1m[34mSELECT  "pins".* FROM "pins" WHERE "pins"."id" = $1 LIMIT $2[0m  [["id", 1], ["LIMIT", 1]]
  ↳ app/controllers/pins_controller.rb:24
Completed 500 Internal Server Error in 155ms (ActiveRecord: 14.9ms)


  
NameError (undefined local variable or method `pin_params' for #<PinsController:0x00007fc25f09ead8>
Did you mean?  @_params):
  
app/controllers/pins_controller.rb:26:in `update'
Started PATCH "/pins/1" for ::1 at 2020-05-16 17:49:51 +0800
Processing by PinsController#update as HTML
  Parameters: {"utf8"=>"✓", "authenticity_token"=>"eO/rApyZuoyot28y3AiJ7OF5n4fi+B10l91lQRxTwCc+aYjhvCc/3nCk371HjB7g/PGjahNDat5WSKYGpIeuwQ==", "pin"=>{"title"=>"Pin1", "image"=>""}, "commit"=>"Update Pin", "id"=>"1"}
  [1m[36mPin Load (0.2ms)[0m  [1m[34mSELECT  "pins".* FROM "pins" WHERE "pins"."id" = $1 LIMIT $2[0m  [["id", 1], ["LIMIT", 1]]
  ↳ app/controllers/pins_controller.rb:25
Completed 500 Internal Server Error in 103ms (ActiveRecord: 4.2ms)


  
NameError (undefined local variable or method `pin_params' for #<PinsController:0x00007fc25f1b4710>
Did you mean?  @_params):
  
app/controllers/pins_controller.rb:27:in `update'
Started PATCH "/pins/1" for ::1 at 2020-05-16 17:50:14 +0800
Processing by PinsController#update as HTML
  Parameters: {"utf8"=>"✓", "authenticity_token"=>"eO/rApyZuoyot28y3AiJ7OF5n4fi+B10l91lQRxTwCc+aYjhvCc/3nCk371HjB7g/PGjahNDat5WSKYGpIeuwQ==", "pin"=>{"title"=>"Pin1", "image"=>""}, "commit"=>"Update Pin", "id"=>"1"}
  [1m[36mPin Load (0.2ms)[0m  [1m[34mSELECT  "pins".* FROM "pins" WHERE "pins"."id" = $1 LIMIT $2[0m  [["id", 1], ["LIMIT", 1]]
  ↳ app/controllers/pins_controller.rb:25
Completed 500 Internal Server Error in 101ms (ActiveRecord: 4.4ms)


  
NameError (undefined local variable or method `pin_params' for #<PinsController:0x00007fc25a094c18>
Did you mean?  @_params):
  
app/controllers/pins_controller.rb:27:in `update'
Started PATCH "/pins/1" for ::1 at 2020-05-16 17:50:51 +0800
Processing by PinsController#update as HTML
  Parameters: {"utf8"=>"✓", "authenticity_token"=>"eO/rApyZuoyot28y3AiJ7OF5n4fi+B10l91lQRxTwCc+aYjhvCc/3nCk371HjB7g/PGjahNDat5WSKYGpIeuwQ==", "pin"=>{"title"=>"Pin1", "image"=>""}, "commit"=>"Update Pin", "id"=>"1"}
  [1m[36mPin Load (0.2ms)[0m  [1m[34mSELECT  "pins".* FROM "pins" WHERE "pins"."id" = $1 LIMIT $2[0m  [["id", 1], ["LIMIT", 1]]
  ↳ app/controllers/pins_controller.rb:25
  [1m[35m (0.2ms)[0m  [1m[35mBEGIN[0m
  ↳ app/controllers/pins_controller.rb:27
  [1m[36mPin Update (3.0ms)[0m  [1m[33mUPDATE "pins" SET "title" = $1, "image" = $2, "updated_at" = $3 WHERE "pins"."id" = $4[0m  [["title", "Pin1"], ["image", ""], ["updated_at", "2020-05-16 09:50:51.727659"], ["id", 1]]
  ↳ app/controllers/pins_controller.rb:27
  [1m[35m (0.3ms)[0m  [1m[35mCOMMIT[0m
  ↳ app/controllers/pins_controller.rb:27
Redirected to http://localhost:3000/pins/1
Completed 302 Found in 17ms (ActiveRecord: 8.2ms)


Started GET "/pins/1" for ::1 at 2020-05-16 17:50:51 +0800
Processing by PinsController#show as HTML
  Parameters: {"id"=>"1"}
  [1m[36mPin Load (0.2ms)[0m  [1m[34mSELECT  "pins".* FROM "pins" WHERE "pins"."id" = $1 LIMIT $2[0m  [["id", 1], ["LIMIT", 1]]
  ↳ app/controllers/pins_controller.rb:7
  Rendering pins/show.html.erb within layouts/application
  Rendered pins/show.html.erb within layouts/application (0.3ms)
Completed 200 OK in 147ms (Views: 144.5ms | ActiveRecord: 0.2ms)


Started GET "/" for ::1 at 2020-05-16 17:50:55 +0800
Processing by PinsController#index as HTML
  Rendering pins/index.html.erb within layouts/application
  [1m[36mPin Load (0.3ms)[0m  [1m[34mSELECT "pins".* FROM "pins"[0m
  ↳ app/views/pins/index.html.erb:10
  Rendered pins/index.html.erb within layouts/application (1.7ms)
Completed 200 OK in 17ms (Views: 14.6ms | ActiveRecord: 0.3ms)


Started GET "/pins/1" for ::1 at 2020-05-16 17:50:57 +0800
Processing by PinsController#show as HTML
  Parameters: {"id"=>"1"}
  [1m[36mPin Load (0.3ms)[0m  [1m[34mSELECT  "pins".* FROM "pins" WHERE "pins"."id" = $1 LIMIT $2[0m  [["id", 1], ["LIMIT", 1]]
  ↳ app/controllers/pins_controller.rb:7
  Rendering pins/show.html.erb within layouts/application
  Rendered pins/show.html.erb within layouts/application (0.3ms)
Completed 200 OK in 18ms (Views: 14.7ms | ActiveRecord: 0.3ms)


Started GET "/pins/1/edit" for ::1 at 2020-05-16 17:51:00 +0800
Processing by PinsController#edit as HTML
  Parameters: {"id"=>"1"}
  [1m[36mPin Load (0.2ms)[0m  [1m[34mSELECT  "pins".* FROM "pins" WHERE "pins"."id" = $1 LIMIT $2[0m  [["id", 1], ["LIMIT", 1]]
  ↳ app/controllers/pins_controller.rb:15
  Rendering pins/edit.html.erb within layouts/application
  Rendered pins/edit.html.erb within layouts/application (16.0ms)
Completed 200 OK in 31ms (Views: 28.9ms | ActiveRecord: 0.2ms)


Started PATCH "/pins/1" for ::1 at 2020-05-16 17:51:10 +0800
Processing by PinsController#update as HTML
  Parameters: {"utf8"=>"✓", "authenticity_token"=>"yKdxoc/MFc05bZb5XUrq0i1LNIXK/YvWu4TI4/2UxhuOIRJC73KQn+F+JnbGzn3eMMMIaDtG/Hx6EQukRUCo/Q==", "pin"=>{"title"=>"Pin-1", "image"=>""}, "commit"=>"Update Pin", "id"=>"1"}
  [1m[36mPin Load (0.2ms)[0m  [1m[34mSELECT  "pins".* FROM "pins" WHERE "pins"."id" = $1 LIMIT $2[0m  [["id", 1], ["LIMIT", 1]]
  ↳ app/controllers/pins_controller.rb:25
  [1m[35m (0.1ms)[0m  [1m[35mBEGIN[0m
  ↳ app/controllers/pins_controller.rb:27
  [1m[36mPin Update (0.4ms)[0m  [1m[33mUPDATE "pins" SET "title" = $1, "updated_at" = $2 WHERE "pins"."id" = $3[0m  [["title", "Pin-1"], ["updated_at", "2020-05-16 09:51:10.182136"], ["id", 1]]
  ↳ app/controllers/pins_controller.rb:27
  [1m[35m (4.0ms)[0m  [1m[35mCOMMIT[0m
  ↳ app/controllers/pins_controller.rb:27
Redirected to http://localhost:3000/pins/1
Completed 302 Found in 8ms (ActiveRecord: 4.7ms)


Started GET "/pins/1" for ::1 at 2020-05-16 17:51:10 +0800
Processing by PinsController#show as HTML
  Parameters: {"id"=>"1"}
  [1m[36mPin Load (0.2ms)[0m  [1m[34mSELECT  "pins".* FROM "pins" WHERE "pins"."id" = $1 LIMIT $2[0m  [["id", 1], ["LIMIT", 1]]
  ↳ app/controllers/pins_controller.rb:7
  Rendering pins/show.html.erb within layouts/application
  Rendered pins/show.html.erb within layouts/application (0.4ms)
Completed 200 OK in 14ms (Views: 12.2ms | ActiveRecord: 0.2ms)


Started GET "/" for ::1 at 2020-05-16 17:51:14 +0800
Processing by PinsController#index as HTML
  Rendering pins/index.html.erb within layouts/application
  [1m[36mPin Load (0.3ms)[0m  [1m[34mSELECT "pins".* FROM "pins"[0m
  ↳ app/views/pins/index.html.erb:10
  Rendered pins/index.html.erb within layouts/application (1.3ms)
Completed 200 OK in 16ms (Views: 14.1ms | ActiveRecord: 0.3ms)


Started GET "/" for ::1 at 2020-05-16 17:53:20 +0800
Processing by PinsController#index as HTML
  Rendering pins/index.html.erb within layouts/application
  [1m[36mPin Load (0.3ms)[0m  [1m[34mSELECT "pins".* FROM "pins"[0m
  ↳ app/views/pins/index.html.erb:10
  Rendered pins/index.html.erb within layouts/application (8.5ms)
Completed 200 OK in 37ms (Views: 31.2ms | ActiveRecord: 3.9ms)


Started DELETE "/pins/1" for ::1 at 2020-05-16 17:53:23 +0800
Processing by PinsController#destroy as HTML
  Parameters: {"authenticity_token"=>"I36qUvf5fBxplrikSYYXkRcb6nw6p5lP3ja/umg8DoFl+Mmx10f5TrGFCCvSAoCdCpPWkcsc7uUfo3z90OhgZw==", "id"=>"1"}
  [1m[36mPin Load (0.2ms)[0m  [1m[34mSELECT  "pins".* FROM "pins" WHERE "pins"."id" = $1 LIMIT $2[0m  [["id", 1], ["LIMIT", 1]]
  ↳ app/controllers/pins_controller.rb:32
  [1m[35m (0.1ms)[0m  [1m[35mBEGIN[0m
  ↳ app/controllers/pins_controller.rb:33
  [1m[36mPin Destroy (0.4ms)[0m  [1m[31mDELETE FROM "pins" WHERE "pins"."id" = $1[0m  [["id", 1]]
  ↳ app/controllers/pins_controller.rb:33
  [1m[35m (0.4ms)[0m  [1m[35mCOMMIT[0m
  ↳ app/controllers/pins_controller.rb:33
Redirected to http://localhost:3000/
Completed 302 Found in 4ms (ActiveRecord: 1.1ms)


Started GET "/" for ::1 at 2020-05-16 17:53:23 +0800
Processing by PinsController#index as HTML
  Rendering pins/index.html.erb within layouts/application
  [1m[36mPin Load (0.3ms)[0m  [1m[34mSELECT "pins".* FROM "pins"[0m
  ↳ app/views/pins/index.html.erb:10
  Rendered pins/index.html.erb within layouts/application (1.2ms)
Completed 200 OK in 17ms (Views: 15.0ms | ActiveRecord: 0.3ms)


Started GET "/" for ::1 at 2020-05-16 17:53:27 +0800
Processing by PinsController#index as HTML
  Rendering pins/index.html.erb within layouts/application
  [1m[36mPin Load (0.3ms)[0m  [1m[34mSELECT "pins".* FROM "pins"[0m
  ↳ app/views/pins/index.html.erb:10
  Rendered pins/index.html.erb within layouts/application (1.2ms)
Completed 200 OK in 18ms (Views: 16.0ms | ActiveRecord: 0.3ms)


Started GET "/pins/new" for ::1 at 2020-05-16 17:53:41 +0800
Processing by PinsController#new as HTML
  Rendering pins/new.html.erb within layouts/application
  Rendered pins/new.html.erb within layouts/application (1.5ms)
Completed 200 OK in 17ms (Views: 14.7ms | ActiveRecord: 0.0ms)


Started POST "/pins" for ::1 at 2020-05-16 17:53:54 +0800
Processing by PinsController#create as HTML
  Parameters: {"utf8"=>"✓", "authenticity_token"=>"rlxmhHDtcKSGt8R9tJS5qD2ECgvc6r2W5kPZ4iZm71fo2gVnUFP19l6kdPIvEC6kIAw25i1Ryjwn1hqlnrKBsQ==", "pin"=>{"title"=>"Pin1", "text"=>"pin1.jpg"}, "commit"=>"Save Pin"}
Unpermitted parameter: :text
  [1m[35m (0.2ms)[0m  [1m[35mBEGIN[0m
  ↳ app/controllers/pins_controller.rb:20
  [1m[36mPin Create (4.2ms)[0m  [1m[32mINSERT INTO "pins" ("title", "created_at", "updated_at") VALUES ($1, $2, $3) RETURNING "id"[0m  [["title", "Pin1"], ["created_at", "2020-05-16 09:53:54.822122"], ["updated_at", "2020-05-16 09:53:54.822122"]]
  ↳ app/controllers/pins_controller.rb:20
  [1m[35m (0.4ms)[0m  [1m[35mCOMMIT[0m
  ↳ app/controllers/pins_controller.rb:20
Redirected to http://localhost:3000/pins/2
Completed 302 Found in 8ms (ActiveRecord: 4.8ms)


Started GET "/pins/2" for ::1 at 2020-05-16 17:53:54 +0800
Processing by PinsController#show as HTML
  Parameters: {"id"=>"2"}
  [1m[36mPin Load (0.2ms)[0m  [1m[34mSELECT  "pins".* FROM "pins" WHERE "pins"."id" = $1 LIMIT $2[0m  [["id", 2], ["LIMIT", 1]]
  ↳ app/controllers/pins_controller.rb:7
  Rendering pins/show.html.erb within layouts/application
  Rendered pins/show.html.erb within layouts/application (0.3ms)
Completed 200 OK in 17ms (Views: 14.4ms | ActiveRecord: 0.2ms)


Started GET "/" for ::1 at 2020-05-16 20:23:30 +0800
Processing by PinsController#index as HTML
  Rendering pins/index.html.erb within layouts/application
  [1m[36mPin Load (0.8ms)[0m  [1m[34mSELECT "pins".* FROM "pins"[0m
  ↳ app/views/pins/index.html.erb:14
  Rendered pins/index.html.erb within layouts/application (18.5ms)
Completed 200 OK in 41ms (Views: 28.0ms | ActiveRecord: 7.8ms)


Started GET "/pins/2" for ::1 at 2020-05-16 20:23:34 +0800
Processing by PinsController#show as HTML
  Parameters: {"id"=>"2"}
  [1m[36mPin Load (0.4ms)[0m  [1m[34mSELECT  "pins".* FROM "pins" WHERE "pins"."id" = $1 LIMIT $2[0m  [["id", 2], ["LIMIT", 1]]
  ↳ app/controllers/pins_controller.rb:8
  Rendering pins/show.html.erb within layouts/application
  Rendered pins/show.html.erb within layouts/application (0.6ms)
Completed 200 OK in 20ms (Views: 15.8ms | ActiveRecord: 0.6ms)


Started GET "/users/sign_in" for ::1 at 2020-05-16 20:34:52 +0800
Processing by Devise::SessionsController#new as HTML
  Rendering devise/sessions/new.html.erb within layouts/application
  Rendered devise/shared/_links.html.erb (1.3ms)
  Rendered devise/sessions/new.html.erb within layouts/application (13.0ms)
Completed 200 OK in 59ms (Views: 41.5ms | ActiveRecord: 7.9ms)


Started GET "/" for ::1 at 2020-05-16 20:36:44 +0800
Processing by PinsController#index as HTML
  Rendering pins/index.html.erb within layouts/application
  [1m[36mPin Load (0.6ms)[0m  [1m[34mSELECT "pins".* FROM "pins"[0m
  ↳ app/views/pins/index.html.erb:14
  Rendered pins/index.html.erb within layouts/application (2.6ms)
Completed 200 OK in 19ms (Views: 16.1ms | ActiveRecord: 0.6ms)


Started GET "/" for ::1 at 2020-05-16 20:55:08 +0800
Processing by PinsController#index as HTML
  Rendering pins/index.html.erb within layouts/application
  [1m[36mPin Load (0.8ms)[0m  [1m[34mSELECT "pins".* FROM "pins"[0m
  ↳ app/views/pins/index.html.erb:14
  Rendered pins/index.html.erb within layouts/application (12.6ms)
Completed 200 OK in 26ms (Views: 16.5ms | ActiveRecord: 7.5ms)


Started GET "/" for ::1 at 2020-05-16 21:02:14 +0800
Processing by PinsController#index as HTML
  Rendering pins/index.html.erb within layouts/application
  [1m[36mPin Load (0.7ms)[0m  [1m[34mSELECT "pins".* FROM "pins"[0m
  ↳ app/views/pins/index.html.erb:14
  Rendered pins/index.html.erb within layouts/application (2.2ms)
Completed 200 OK in 17ms (Views: 14.4ms | ActiveRecord: 0.7ms)


Started GET "/" for ::1 at 2020-05-16 21:02:15 +0800
Processing by PinsController#index as HTML
  Rendering pins/index.html.erb within layouts/application
  [1m[36mPin Load (0.3ms)[0m  [1m[34mSELECT "pins".* FROM "pins"[0m
  ↳ app/views/pins/index.html.erb:14
  Rendered pins/index.html.erb within layouts/application (2.0ms)
Completed 200 OK in 19ms (Views: 16.6ms | ActiveRecord: 0.3ms)


Started GET "/" for ::1 at 2020-05-16 21:02:15 +0800
Processing by PinsController#index as HTML
  Rendering pins/index.html.erb within layouts/application
  [1m[36mPin Load (0.3ms)[0m  [1m[34mSELECT "pins".* FROM "pins"[0m
  ↳ app/views/pins/index.html.erb:14
  Rendered pins/index.html.erb within layouts/application (1.9ms)
Completed 200 OK in 19ms (Views: 17.3ms | ActiveRecord: 0.3ms)


Started GET "/" for ::1 at 2020-05-16 21:02:16 +0800
Processing by PinsController#index as HTML
  Rendering pins/index.html.erb within layouts/application
  [1m[36mPin Load (0.3ms)[0m  [1m[34mSELECT "pins".* FROM "pins"[0m
  ↳ app/views/pins/index.html.erb:14
  Rendered pins/index.html.erb within layouts/application (2.0ms)
Completed 200 OK in 19ms (Views: 16.2ms | ActiveRecord: 0.3ms)


Started GET "/" for ::1 at 2020-05-16 21:02:16 +0800
Processing by PinsController#index as HTML
  Rendering pins/index.html.erb within layouts/application
  [1m[36mPin Load (0.3ms)[0m  [1m[34mSELECT "pins".* FROM "pins"[0m
  ↳ app/views/pins/index.html.erb:14
  Rendered pins/index.html.erb within layouts/application (2.3ms)
Completed 200 OK in 17ms (Views: 15.1ms | ActiveRecord: 0.3ms)


Started GET "/" for ::1 at 2020-05-16 21:02:24 +0800
Processing by PinsController#index as HTML
  Rendering pins/index.html.erb within layouts/application
  [1m[36mPin Load (0.3ms)[0m  [1m[34mSELECT "pins".* FROM "pins"[0m
  ↳ app/views/pins/index.html.erb:11
  Rendered pins/index.html.erb within layouts/application (1.7ms)
Completed 200 OK in 18ms (Views: 15.8ms | ActiveRecord: 0.3ms)


Started GET "/" for ::1 at 2020-05-16 21:02:25 +0800
Processing by PinsController#index as HTML
  Rendering pins/index.html.erb within layouts/application
  [1m[36mPin Load (0.3ms)[0m  [1m[34mSELECT "pins".* FROM "pins"[0m
  ↳ app/views/pins/index.html.erb:11
  Rendered pins/index.html.erb within layouts/application (1.5ms)
Completed 200 OK in 25ms (Views: 22.4ms | ActiveRecord: 0.3ms)


Started GET "/" for ::1 at 2020-05-16 21:15:05 +0800
Processing by PinsController#index as HTML
Completed 401 Unauthorized in 2ms (ActiveRecord: 0.0ms)


Started GET "/users/sign_in" for ::1 at 2020-05-16 21:15:05 +0800
Processing by Devise::SessionsController#new as HTML
  Rendering devise/sessions/new.html.erb within layouts/application
  Rendered devise/shared/_links.html.erb (0.6ms)
  Rendered devise/sessions/new.html.erb within layouts/application (3.5ms)
Completed 200 OK in 31ms (Views: 17.0ms | ActiveRecord: 7.7ms)


Started GET "/users/sign_in" for ::1 at 2020-05-16 21:15:05 +0800
Processing by Devise::SessionsController#new as HTML
  Rendering devise/sessions/new.html.erb within layouts/application
  Rendered devise/shared/_links.html.erb (0.8ms)
  Rendered devise/sessions/new.html.erb within layouts/application (4.8ms)
Completed 200 OK in 22ms (Views: 21.6ms | ActiveRecord: 0.0ms)


Started GET "/users/sign_up" for ::1 at 2020-05-16 21:15:14 +0800
Processing by Devise::RegistrationsController#new as HTML
  Rendering devise/registrations/new.html.erb within layouts/application
  Rendered devise/shared/_error_messages.html.erb (0.4ms)
  Rendered devise/shared/_links.html.erb (0.6ms)
  Rendered devise/registrations/new.html.erb within layouts/application (6.2ms)
Completed 200 OK in 22ms (Views: 21.0ms | ActiveRecord: 0.0ms)


Started GET "/users/sign_in" for ::1 at 2020-05-16 21:15:31 +0800
Processing by Devise::SessionsController#new as HTML
  Rendering devise/sessions/new.html.erb within layouts/application
  Rendered devise/shared/_links.html.erb (0.7ms)
  Rendered devise/sessions/new.html.erb within layouts/application (4.2ms)
Completed 200 OK in 21ms (Views: 19.6ms | ActiveRecord: 0.0ms)


Started POST "/users/sign_in" for ::1 at 2020-05-16 21:15:33 +0800
Processing by Devise::SessionsController#create as HTML
  Parameters: {"utf8"=>"✓", "authenticity_token"=>"M5dLKwMkrnGM4RXVPJidIQQ3lt0enx5EY8xazrYqKHc8kF2cIDUOe52JaXTLAZVep7DdkgtQXrRJAGEnTGWpMw==", "user"=>{"email"=>"new-user1@email.com", "password"=>"[FILTERED]", "remember_me"=>"0"}, "commit"=>"Log in"}
  [1m[36mUser Load (4.1ms)[0m  [1m[34mSELECT  "users".* FROM "users" WHERE "users"."email" = $1 ORDER BY "users"."id" ASC LIMIT $2[0m  [["email", "new-user1@email.com"], ["LIMIT", 1]]
  ↳ /Users/nausheen/.rbenv/versions/2.5.1/lib/ruby/gems/2.5.0/gems/activerecord-5.2.4.2/lib/active_record/log_subscriber.rb:98
Completed 401 Unauthorized in 8ms (ActiveRecord: 4.2ms)


Processing by Devise::SessionsController#new as HTML
  Parameters: {"utf8"=>"✓", "authenticity_token"=>"M5dLKwMkrnGM4RXVPJidIQQ3lt0enx5EY8xazrYqKHc8kF2cIDUOe52JaXTLAZVep7DdkgtQXrRJAGEnTGWpMw==", "user"=>{"email"=>"new-user1@email.com", "password"=>"[FILTERED]", "remember_me"=>"0"}, "commit"=>"Log in"}
  Rendering devise/sessions/new.html.erb within layouts/application
  Rendered devise/shared/_links.html.erb (0.8ms)
  Rendered devise/sessions/new.html.erb within layouts/application (5.0ms)
Completed 200 OK in 117ms (Views: 18.7ms | ActiveRecord: 0.0ms)


Started POST "/users/sign_in" for ::1 at 2020-05-16 21:15:46 +0800
Processing by Devise::SessionsController#create as HTML
  Parameters: {"utf8"=>"✓", "authenticity_token"=>"pMG4QCf/MuNN4eR70iFAvMwhtrgqp+kDjq8wG5zGtcurxq73BO6S6VyJmNoluEjDb6b99z9oqfOkYwvyZok0jw==", "user"=>{"email"=>"user1@email.com", "password"=>"[FILTERED]", "remember_me"=>"0"}, "commit"=>"Log in"}
  [1m[36mUser Load (0.4ms)[0m  [1m[34mSELECT  "users".* FROM "users" WHERE "users"."email" = $1 ORDER BY "users"."id" ASC LIMIT $2[0m  [["email", "user1@email.com"], ["LIMIT", 1]]
  ↳ /Users/nausheen/.rbenv/versions/2.5.1/lib/ruby/gems/2.5.0/gems/activerecord-5.2.4.2/lib/active_record/log_subscriber.rb:98
Completed 401 Unauthorized in 2ms (ActiveRecord: 0.4ms)


Processing by Devise::SessionsController#new as HTML
  Parameters: {"utf8"=>"✓", "authenticity_token"=>"pMG4QCf/MuNN4eR70iFAvMwhtrgqp+kDjq8wG5zGtcurxq73BO6S6VyJmNoluEjDb6b99z9oqfOkYwvyZok0jw==", "user"=>{"email"=>"user1@email.com", "password"=>"[FILTERED]", "remember_me"=>"0"}, "commit"=>"Log in"}
  Rendering devise/sessions/new.html.erb within layouts/application
  Rendered devise/shared/_links.html.erb (0.6ms)
  Rendered devise/sessions/new.html.erb within layouts/application (3.4ms)
Completed 200 OK in 113ms (Views: 19.5ms | ActiveRecord: 0.0ms)


Started POST "/users/sign_in" for ::1 at 2020-05-16 21:15:47 +0800
Processing by Devise::SessionsController#create as HTML
  Parameters: {"utf8"=>"✓", "authenticity_token"=>"5Ffqiy5Ww5GbHyBiV+Q4BQzls/gNzKfxp22SQbWRrmTrUPw8DUdjm4p3XMOgfTB6r2L4txgD5wGNoamoT94vIA==", "user"=>{"email"=>"user1@email.com", "password"=>"[FILTERED]", "remember_me"=>"0"}, "commit"=>"Log in"}
Completed 401 Unauthorized in 1ms (ActiveRecord: 0.0ms)


Processing by Devise::SessionsController#new as HTML
  Parameters: {"utf8"=>"✓", "authenticity_token"=>"5Ffqiy5Ww5GbHyBiV+Q4BQzls/gNzKfxp22SQbWRrmTrUPw8DUdjm4p3XMOgfTB6r2L4txgD5wGNoamoT94vIA==", "user"=>{"email"=>"user1@email.com", "password"=>"[FILTERED]", "remember_me"=>"0"}, "commit"=>"Log in"}
  Rendering devise/sessions/new.html.erb within layouts/application
  Rendered devise/shared/_links.html.erb (0.7ms)
  Rendered devise/sessions/new.html.erb within layouts/application (4.0ms)
Completed 200 OK in 25ms (Views: 24.9ms | ActiveRecord: 0.0ms)


Started POST "/users/sign_in" for ::1 at 2020-05-16 21:15:59 +0800
Processing by Devise::SessionsController#create as HTML
  Parameters: {"utf8"=>"✓", "authenticity_token"=>"5Ffqiy5Ww5GbHyBiV+Q4BQzls/gNzKfxp22SQbWRrmTrUPw8DUdjm4p3XMOgfTB6r2L4txgD5wGNoamoT94vIA==", "user"=>{"email"=>"user1@email.com", "password"=>"[FILTERED]", "remember_me"=>"0"}, "commit"=>"Log in"}
Completed 401 Unauthorized in 1ms (ActiveRecord: 0.0ms)


Processing by Devise::SessionsController#new as HTML
  Parameters: {"utf8"=>"✓", "authenticity_token"=>"5Ffqiy5Ww5GbHyBiV+Q4BQzls/gNzKfxp22SQbWRrmTrUPw8DUdjm4p3XMOgfTB6r2L4txgD5wGNoamoT94vIA==", "user"=>{"email"=>"user1@email.com", "password"=>"[FILTERED]", "remember_me"=>"0"}, "commit"=>"Log in"}
  Rendering devise/sessions/new.html.erb within layouts/application
  Rendered devise/shared/_links.html.erb (0.8ms)
  Rendered devise/sessions/new.html.erb within layouts/application (3.8ms)
Completed 200 OK in 27ms (Views: 17.5ms | ActiveRecord: 4.3ms)


Started POST "/users/sign_in" for ::1 at 2020-05-16 21:16:05 +0800
Processing by Devise::SessionsController#create as HTML
  Parameters: {"utf8"=>"✓", "authenticity_token"=>"sd0ajVt90KRC8FNJzQodag0i8HNjvaDOnwANIqBij5C+2gw6eGxwrlOYL+g6kxUVrqW7PHZy4D61zDbLWi0O1A==", "user"=>{"email"=>"user1@email.com", "password"=>"[FILTERED]", "remember_me"=>"0"}, "commit"=>"Log in"}
  [1m[36mUser Load (0.4ms)[0m  [1m[34mSELECT  "users".* FROM "users" WHERE "users"."email" = $1 ORDER BY "users"."id" ASC LIMIT $2[0m  [["email", "user1@email.com"], ["LIMIT", 1]]
  ↳ /Users/nausheen/.rbenv/versions/2.5.1/lib/ruby/gems/2.5.0/gems/activerecord-5.2.4.2/lib/active_record/log_subscriber.rb:98
Completed 401 Unauthorized in 3ms (ActiveRecord: 0.4ms)


Processing by Devise::SessionsController#new as HTML
  Parameters: {"utf8"=>"✓", "authenticity_token"=>"sd0ajVt90KRC8FNJzQodag0i8HNjvaDOnwANIqBij5C+2gw6eGxwrlOYL+g6kxUVrqW7PHZy4D61zDbLWi0O1A==", "user"=>{"email"=>"user1@email.com", "password"=>"[FILTERED]", "remember_me"=>"0"}, "commit"=>"Log in"}
  Rendering devise/sessions/new.html.erb within layouts/application
  Rendered devise/shared/_links.html.erb (0.5ms)
  Rendered devise/sessions/new.html.erb within layouts/application (3.3ms)
Completed 200 OK in 111ms (Views: 16.4ms | ActiveRecord: 0.0ms)


Started POST "/users/sign_in" for ::1 at 2020-05-16 21:16:11 +0800
Processing by Devise::SessionsController#create as HTML
  Parameters: {"utf8"=>"✓", "authenticity_token"=>"sd0ajVt90KRC8FNJzQodag0i8HNjvaDOnwANIqBij5C+2gw6eGxwrlOYL+g6kxUVrqW7PHZy4D61zDbLWi0O1A==", "user"=>{"email"=>"user1@email.com", "password"=>"[FILTERED]", "remember_me"=>"0"}, "commit"=>"Log in"}
  [1m[36mUser Load (0.4ms)[0m  [1m[34mSELECT  "users".* FROM "users" WHERE "users"."email" = $1 ORDER BY "users"."id" ASC LIMIT $2[0m  [["email", "user1@email.com"], ["LIMIT", 1]]
  ↳ /Users/nausheen/.rbenv/versions/2.5.1/lib/ruby/gems/2.5.0/gems/activerecord-5.2.4.2/lib/active_record/log_subscriber.rb:98
Completed 401 Unauthorized in 3ms (ActiveRecord: 0.4ms)


Processing by Devise::SessionsController#new as HTML
  Parameters: {"utf8"=>"✓", "authenticity_token"=>"sd0ajVt90KRC8FNJzQodag0i8HNjvaDOnwANIqBij5C+2gw6eGxwrlOYL+g6kxUVrqW7PHZy4D61zDbLWi0O1A==", "user"=>{"email"=>"user1@email.com", "password"=>"[FILTERED]", "remember_me"=>"0"}, "commit"=>"Log in"}
  Rendering devise/sessions/new.html.erb within layouts/application
  Rendered devise/shared/_links.html.erb (0.5ms)
  Rendered devise/sessions/new.html.erb within layouts/application (3.5ms)
Completed 200 OK in 108ms (Views: 16.9ms | ActiveRecord: 0.0ms)


Started POST "/users/sign_in" for ::1 at 2020-05-16 21:17:36 +0800
Processing by Devise::SessionsController#create as HTML
  Parameters: {"utf8"=>"✓", "authenticity_token"=>"sd0ajVt90KRC8FNJzQodag0i8HNjvaDOnwANIqBij5C+2gw6eGxwrlOYL+g6kxUVrqW7PHZy4D61zDbLWi0O1A==", "user"=>{"email"=>"user1@email.com", "password"=>"[FILTERED]", "remember_me"=>"0"}, "commit"=>"Log in"}
  [1m[36mUser Load (0.3ms)[0m  [1m[34mSELECT  "users".* FROM "users" WHERE "users"."email" = $1 ORDER BY "users"."id" ASC LIMIT $2[0m  [["email", "user1@email.com"], ["LIMIT", 1]]
  ↳ /Users/nausheen/.rbenv/versions/2.5.1/lib/ruby/gems/2.5.0/gems/activerecord-5.2.4.2/lib/active_record/log_subscriber.rb:98
Completed 401 Unauthorized in 6ms (ActiveRecord: 4.3ms)


Processing by Devise::SessionsController#new as HTML
  Parameters: {"utf8"=>"✓", "authenticity_token"=>"sd0ajVt90KRC8FNJzQodag0i8HNjvaDOnwANIqBij5C+2gw6eGxwrlOYL+g6kxUVrqW7PHZy4D61zDbLWi0O1A==", "user"=>{"email"=>"user1@email.com", "password"=>"[FILTERED]", "remember_me"=>"0"}, "commit"=>"Log in"}
  Rendering devise/sessions/new.html.erb within layouts/application
  Rendered devise/shared/_links.html.erb (0.6ms)
  Rendered devise/sessions/new.html.erb within layouts/application (3.7ms)
Completed 200 OK in 116ms (Views: 19.1ms | ActiveRecord: 0.0ms)


Started POST "/users/sign_in" for ::1 at 2020-05-16 21:17:42 +0800
Processing by Devise::SessionsController#create as HTML
  Parameters: {"utf8"=>"✓", "authenticity_token"=>"AKFTOoR0HEKRMETT/R+P2SbQJqjsrwZkDCKOmj//b9YPpkWNp2W8SIBYOHIKhoemhVdt5/lgRpQm7rVzxbDukg==", "user"=>{"email"=>"user1@email.com", "password"=>"[FILTERED]", "remember_me"=>"0"}, "commit"=>"Log in"}
  [1m[36mUser Load (0.4ms)[0m  [1m[34mSELECT  "users".* FROM "users" WHERE "users"."email" = $1 ORDER BY "users"."id" ASC LIMIT $2[0m  [["email", "user1@email.com"], ["LIMIT", 1]]
  ↳ /Users/nausheen/.rbenv/versions/2.5.1/lib/ruby/gems/2.5.0/gems/activerecord-5.2.4.2/lib/active_record/log_subscriber.rb:98
Completed 401 Unauthorized in 2ms (ActiveRecord: 0.4ms)


Processing by Devise::SessionsController#new as HTML
  Parameters: {"utf8"=>"✓", "authenticity_token"=>"AKFTOoR0HEKRMETT/R+P2SbQJqjsrwZkDCKOmj//b9YPpkWNp2W8SIBYOHIKhoemhVdt5/lgRpQm7rVzxbDukg==", "user"=>{"email"=>"user1@email.com", "password"=>"[FILTERED]", "remember_me"=>"0"}, "commit"=>"Log in"}
  Rendering devise/sessions/new.html.erb within layouts/application
  Rendered devise/shared/_links.html.erb (0.6ms)
  Rendered devise/sessions/new.html.erb within layouts/application (3.6ms)
Completed 200 OK in 117ms (Views: 23.2ms | ActiveRecord: 0.0ms)


Started GET "/users/sign_up" for ::1 at 2020-05-16 21:17:45 +0800
Processing by Devise::RegistrationsController#new as HTML
  Rendering devise/registrations/new.html.erb within layouts/application
  Rendered devise/shared/_error_messages.html.erb (0.4ms)
  Rendered devise/shared/_links.html.erb (0.5ms)
  Rendered devise/registrations/new.html.erb within layouts/application (5.4ms)
Completed 200 OK in 22ms (Views: 20.4ms | ActiveRecord: 0.0ms)


Started GET "/users/sign_in" for ::1 at 2020-05-16 21:18:00 +0800
Processing by Devise::SessionsController#new as HTML
  Rendering devise/sessions/new.html.erb within layouts/application
  Rendered devise/shared/_links.html.erb (0.6ms)
  Rendered devise/sessions/new.html.erb within layouts/application (3.8ms)
Completed 200 OK in 21ms (Views: 20.2ms | ActiveRecord: 0.0ms)


Started POST "/users/sign_in" for ::1 at 2020-05-16 21:25:49 +0800
Processing by Devise::SessionsController#create as HTML
  Parameters: {"utf8"=>"✓", "authenticity_token"=>"k1CoRr6tSpKLTBXBDf1k3UDGvh8JhjDr4TOJ+R/pg42cV77xnbzqmJokaWD6ZGyi40H1UBxJcBvL/7IQ5aYCyQ==", "user"=>{"email"=>"new-user1@email.com", "password"=>"[FILTERED]", "remember_me"=>"0"}, "commit"=>"Log in"}
  [1m[36mUser Load (0.8ms)[0m  [1m[34mSELECT  "users".* FROM "users" WHERE "users"."email" = $1 ORDER BY "users"."id" ASC LIMIT $2[0m  [["email", "new-user1@email.com"], ["LIMIT", 1]]
  ↳ /Users/nausheen/.rbenv/versions/2.5.1/lib/ruby/gems/2.5.0/gems/activerecord-5.2.4.2/lib/active_record/log_subscriber.rb:98
Completed 401 Unauthorized in 3ms (ActiveRecord: 0.9ms)


Processing by Devise::SessionsController#new as HTML
  Parameters: {"utf8"=>"✓", "authenticity_token"=>"k1CoRr6tSpKLTBXBDf1k3UDGvh8JhjDr4TOJ+R/pg42cV77xnbzqmJokaWD6ZGyi40H1UBxJcBvL/7IQ5aYCyQ==", "user"=>{"email"=>"new-user1@email.com", "password"=>"[FILTERED]", "remember_me"=>"0"}, "commit"=>"Log in"}
  Rendering devise/sessions/new.html.erb within layouts/application
  Rendered devise/shared/_links.html.erb (0.5ms)
  Rendered devise/sessions/new.html.erb within layouts/application (3.3ms)
Completed 200 OK in 107ms (Views: 16.3ms | ActiveRecord: 0.0ms)


Started POST "/users/sign_in" for ::1 at 2020-05-16 21:25:50 +0800
Processing by Devise::SessionsController#create as HTML
  Parameters: {"utf8"=>"✓", "authenticity_token"=>"qVRhdhiAHiAxZItmlTAcDM7egrKUXnWLKm3XxJu8XaCmU3fBO5G+KiAM98diqRRzbVnJ/YGRNXsAoewtYfPc5A==", "user"=>{"email"=>"new-user1@email.com", "password"=>"[FILTERED]", "remember_me"=>"0"}, "commit"=>"Log in"}
  [1m[36mUser Load (0.3ms)[0m  [1m[34mSELECT  "users".* FROM "users" WHERE "users"."email" = $1 ORDER BY "users"."id" ASC LIMIT $2[0m  [["email", "new-user1@email.com"], ["LIMIT", 1]]
  ↳ /Users/nausheen/.rbenv/versions/2.5.1/lib/ruby/gems/2.5.0/gems/activerecord-5.2.4.2/lib/active_record/log_subscriber.rb:98
Completed 401 Unauthorized in 2ms (ActiveRecord: 0.3ms)


Processing by Devise::SessionsController#new as HTML
  Parameters: {"utf8"=>"✓", "authenticity_token"=>"qVRhdhiAHiAxZItmlTAcDM7egrKUXnWLKm3XxJu8XaCmU3fBO5G+KiAM98diqRRzbVnJ/YGRNXsAoewtYfPc5A==", "user"=>{"email"=>"new-user1@email.com", "password"=>"[FILTERED]", "remember_me"=>"0"}, "commit"=>"Log in"}
  Rendering devise/sessions/new.html.erb within layouts/application
  Rendered devise/shared/_links.html.erb (0.5ms)
  Rendered devise/sessions/new.html.erb within layouts/application (3.3ms)
Completed 200 OK in 111ms (Views: 18.1ms | ActiveRecord: 0.0ms)


Started POST "/users/sign_in" for ::1 at 2020-05-16 21:26:26 +0800
Processing by Devise::SessionsController#create as HTML
  Parameters: {"utf8"=>"✓", "authenticity_token"=>"KGs6xy7W136vXmYlZ8XGo4hUELbDHXPEXXm47iKnf4EnbCxwDcd3dL42GoSQXM7cK9Nb+dbSMzR3tYMH2Oj+xQ==", "user"=>{"email"=>"user1@email.com", "password"=>"[FILTERED]", "remember_me"=>"0"}, "commit"=>"Log in"}
Can't verify CSRF token authenticity.
Completed 422 Unprocessable Entity in 1ms (ActiveRecord: 0.0ms)


  
ActionController::InvalidAuthenticityToken (ActionController::InvalidAuthenticityToken):
  
actionpack (5.2.4.2) lib/action_controller/metal/request_forgery_protection.rb:211:in `handle_unverified_request'
actionpack (5.2.4.2) lib/action_controller/metal/request_forgery_protection.rb:243:in `handle_unverified_request'
devise (4.7.1) lib/devise/controllers/helpers.rb:255:in `handle_unverified_request'
actionpack (5.2.4.2) lib/action_controller/metal/request_forgery_protection.rb:238:in `verify_authenticity_token'
activesupport (5.2.4.2) lib/active_support/callbacks.rb:426:in `block in make_lambda'
activesupport (5.2.4.2) lib/active_support/callbacks.rb:198:in `block (2 levels) in halting'
actionpack (5.2.4.2) lib/abstract_controller/callbacks.rb:34:in `block (2 levels) in <module:Callbacks>'
activesupport (5.2.4.2) lib/active_support/callbacks.rb:199:in `block in halting'
activesupport (5.2.4.2) lib/active_support/callbacks.rb:513:in `block in invoke_before'
activesupport (5.2.4.2) lib/active_support/callbacks.rb:513:in `each'
activesupport (5.2.4.2) lib/active_support/callbacks.rb:513:in `invoke_before'
activesupport (5.2.4.2) lib/active_support/callbacks.rb:131:in `run_callbacks'
actionpack (5.2.4.2) lib/abstract_controller/callbacks.rb:41:in `process_action'
actionpack (5.2.4.2) lib/action_controller/metal/rescue.rb:22:in `process_action'
actionpack (5.2.4.2) lib/action_controller/metal/instrumentation.rb:34:in `block in process_action'
activesupport (5.2.4.2) lib/active_support/notifications.rb:168:in `block in instrument'
activesupport (5.2.4.2) lib/active_support/notifications/instrumenter.rb:23:in `instrument'
activesupport (5.2.4.2) lib/active_support/notifications.rb:168:in `instrument'
actionpack (5.2.4.2) lib/action_controller/metal/instrumentation.rb:32:in `process_action'
actionpack (5.2.4.2) lib/action_controller/metal/params_wrapper.rb:256:in `process_action'
activerecord (5.2.4.2) lib/active_record/railties/controller_runtime.rb:24:in `process_action'
actionpack (5.2.4.2) lib/abstract_controller/base.rb:134:in `process'
actionview (5.2.4.2) lib/action_view/rendering.rb:32:in `process'
actionpack (5.2.4.2) lib/action_controller/metal.rb:191:in `dispatch'
actionpack (5.2.4.2) lib/action_controller/metal.rb:252:in `dispatch'
actionpack (5.2.4.2) lib/action_dispatch/routing/route_set.rb:52:in `dispatch'
actionpack (5.2.4.2) lib/action_dispatch/routing/route_set.rb:34:in `serve'
actionpack (5.2.4.2) lib/action_dispatch/routing/mapper.rb:18:in `block in <class:Constraints>'
actionpack (5.2.4.2) lib/action_dispatch/routing/mapper.rb:48:in `serve'
actionpack (5.2.4.2) lib/action_dispatch/journey/router.rb:52:in `block in serve'
actionpack (5.2.4.2) lib/action_dispatch/journey/router.rb:35:in `each'
actionpack (5.2.4.2) lib/action_dispatch/journey/router.rb:35:in `serve'
actionpack (5.2.4.2) lib/action_dispatch/routing/route_set.rb:840:in `call'
warden (1.2.8) lib/warden/manager.rb:36:in `block in call'
warden (1.2.8) lib/warden/manager.rb:34:in `catch'
warden (1.2.8) lib/warden/manager.rb:34:in `call'
rack (2.2.2) lib/rack/tempfile_reaper.rb:15:in `call'
rack (2.2.2) lib/rack/etag.rb:27:in `call'
rack (2.2.2) lib/rack/conditional_get.rb:40:in `call'
rack (2.2.2) lib/rack/head.rb:12:in `call'
actionpack (5.2.4.2) lib/action_dispatch/http/content_security_policy.rb:18:in `call'
rack (2.2.2) lib/rack/session/abstract/id.rb:266:in `context'
rack (2.2.2) lib/rack/session/abstract/id.rb:260:in `call'
actionpack (5.2.4.2) lib/action_dispatch/middleware/cookies.rb:670:in `call'
activerecord (5.2.4.2) lib/active_record/migration.rb:559:in `call'
actionpack (5.2.4.2) lib/action_dispatch/middleware/callbacks.rb:28:in `block in call'
activesupport (5.2.4.2) lib/active_support/callbacks.rb:98:in `run_callbacks'
actionpack (5.2.4.2) lib/action_dispatch/middleware/callbacks.rb:26:in `call'
actionpack (5.2.4.2) lib/action_dispatch/middleware/executor.rb:14:in `call'
actionpack (5.2.4.2) lib/action_dispatch/middleware/debug_exceptions.rb:61:in `call'
web-console (3.7.0) lib/web_console/middleware.rb:135:in `call_app'
web-console (3.7.0) lib/web_console/middleware.rb:30:in `block in call'
web-console (3.7.0) lib/web_console/middleware.rb:20:in `catch'
web-console (3.7.0) lib/web_console/middleware.rb:20:in `call'
actionpack (5.2.4.2) lib/action_dispatch/middleware/show_exceptions.rb:33:in `call'
railties (5.2.4.2) lib/rails/rack/logger.rb:38:in `call_app'
railties (5.2.4.2) lib/rails/rack/logger.rb:26:in `block in call'
activesupport (5.2.4.2) lib/active_support/tagged_logging.rb:71:in `block in tagged'
activesupport (5.2.4.2) lib/active_support/tagged_logging.rb:28:in `tagged'
activesupport (5.2.4.2) lib/active_support/tagged_logging.rb:71:in `tagged'
railties (5.2.4.2) lib/rails/rack/logger.rb:26:in `call'
sprockets-rails (3.2.1) lib/sprockets/rails/quiet_assets.rb:13:in `call'
actionpack (5.2.4.2) lib/action_dispatch/middleware/remote_ip.rb:81:in `call'
actionpack (5.2.4.2) lib/action_dispatch/middleware/request_id.rb:27:in `call'
rack (2.2.2) lib/rack/method_override.rb:24:in `call'
rack (2.2.2) lib/rack/runtime.rb:22:in `call'
activesupport (5.2.4.2) lib/active_support/cache/strategy/local_cache_middleware.rb:29:in `call'
actionpack (5.2.4.2) lib/action_dispatch/middleware/executor.rb:14:in `call'
actionpack (5.2.4.2) lib/action_dispatch/middleware/static.rb:127:in `call'
rack (2.2.2) lib/rack/sendfile.rb:110:in `call'
railties (5.2.4.2) lib/rails/engine.rb:524:in `call'
puma (3.12.4) lib/puma/configuration.rb:227:in `call'
puma (3.12.4) lib/puma/server.rb:675:in `handle_request'
puma (3.12.4) lib/puma/server.rb:476:in `process_client'
puma (3.12.4) lib/puma/server.rb:334:in `block in run'
puma (3.12.4) lib/puma/thread_pool.rb:135:in `block in spawn_thread'
Started POST "/users/sign_in" for ::1 at 2020-05-16 21:27:06 +0800
Processing by Devise::SessionsController#create as HTML
  Parameters: {"utf8"=>"✓", "authenticity_token"=>"KGs6xy7W136vXmYlZ8XGo4hUELbDHXPEXXm47iKnf4EnbCxwDcd3dL42GoSQXM7cK9Nb+dbSMzR3tYMH2Oj+xQ==", "user"=>{"email"=>"user1@email.com", "password"=>"[FILTERED]", "remember_me"=>"0"}, "commit"=>"Log in"}
Can't verify CSRF token authenticity.
Completed 422 Unprocessable Entity in 1ms (ActiveRecord: 0.0ms)


  
ActionController::InvalidAuthenticityToken (ActionController::InvalidAuthenticityToken):
  
actionpack (5.2.4.2) lib/action_controller/metal/request_forgery_protection.rb:211:in `handle_unverified_request'
actionpack (5.2.4.2) lib/action_controller/metal/request_forgery_protection.rb:243:in `handle_unverified_request'
devise (4.7.1) lib/devise/controllers/helpers.rb:255:in `handle_unverified_request'
actionpack (5.2.4.2) lib/action_controller/metal/request_forgery_protection.rb:238:in `verify_authenticity_token'
activesupport (5.2.4.2) lib/active_support/callbacks.rb:426:in `block in make_lambda'
activesupport (5.2.4.2) lib/active_support/callbacks.rb:198:in `block (2 levels) in halting'
actionpack (5.2.4.2) lib/abstract_controller/callbacks.rb:34:in `block (2 levels) in <module:Callbacks>'
activesupport (5.2.4.2) lib/active_support/callbacks.rb:199:in `block in halting'
activesupport (5.2.4.2) lib/active_support/callbacks.rb:513:in `block in invoke_before'
activesupport (5.2.4.2) lib/active_support/callbacks.rb:513:in `each'
activesupport (5.2.4.2) lib/active_support/callbacks.rb:513:in `invoke_before'
activesupport (5.2.4.2) lib/active_support/callbacks.rb:131:in `run_callbacks'
actionpack (5.2.4.2) lib/abstract_controller/callbacks.rb:41:in `process_action'
actionpack (5.2.4.2) lib/action_controller/metal/rescue.rb:22:in `process_action'
actionpack (5.2.4.2) lib/action_controller/metal/instrumentation.rb:34:in `block in process_action'
activesupport (5.2.4.2) lib/active_support/notifications.rb:168:in `block in instrument'
activesupport (5.2.4.2) lib/active_support/notifications/instrumenter.rb:23:in `instrument'
activesupport (5.2.4.2) lib/active_support/notifications.rb:168:in `instrument'
actionpack (5.2.4.2) lib/action_controller/metal/instrumentation.rb:32:in `process_action'
actionpack (5.2.4.2) lib/action_controller/metal/params_wrapper.rb:256:in `process_action'
activerecord (5.2.4.2) lib/active_record/railties/controller_runtime.rb:24:in `process_action'
actionpack (5.2.4.2) lib/abstract_controller/base.rb:134:in `process'
actionview (5.2.4.2) lib/action_view/rendering.rb:32:in `process'
actionpack (5.2.4.2) lib/action_controller/metal.rb:191:in `dispatch'
actionpack (5.2.4.2) lib/action_controller/metal.rb:252:in `dispatch'
actionpack (5.2.4.2) lib/action_dispatch/routing/route_set.rb:52:in `dispatch'
actionpack (5.2.4.2) lib/action_dispatch/routing/route_set.rb:34:in `serve'
actionpack (5.2.4.2) lib/action_dispatch/routing/mapper.rb:18:in `block in <class:Constraints>'
actionpack (5.2.4.2) lib/action_dispatch/routing/mapper.rb:48:in `serve'
actionpack (5.2.4.2) lib/action_dispatch/journey/router.rb:52:in `block in serve'
actionpack (5.2.4.2) lib/action_dispatch/journey/router.rb:35:in `each'
actionpack (5.2.4.2) lib/action_dispatch/journey/router.rb:35:in `serve'
actionpack (5.2.4.2) lib/action_dispatch/routing/route_set.rb:840:in `call'
warden (1.2.8) lib/warden/manager.rb:36:in `block in call'
warden (1.2.8) lib/warden/manager.rb:34:in `catch'
warden (1.2.8) lib/warden/manager.rb:34:in `call'
rack (2.2.2) lib/rack/tempfile_reaper.rb:15:in `call'
rack (2.2.2) lib/rack/etag.rb:27:in `call'
rack (2.2.2) lib/rack/conditional_get.rb:40:in `call'
rack (2.2.2) lib/rack/head.rb:12:in `call'
actionpack (5.2.4.2) lib/action_dispatch/http/content_security_policy.rb:18:in `call'
rack (2.2.2) lib/rack/session/abstract/id.rb:266:in `context'
rack (2.2.2) lib/rack/session/abstract/id.rb:260:in `call'
actionpack (5.2.4.2) lib/action_dispatch/middleware/cookies.rb:670:in `call'
activerecord (5.2.4.2) lib/active_record/migration.rb:559:in `call'
actionpack (5.2.4.2) lib/action_dispatch/middleware/callbacks.rb:28:in `block in call'
activesupport (5.2.4.2) lib/active_support/callbacks.rb:98:in `run_callbacks'
actionpack (5.2.4.2) lib/action_dispatch/middleware/callbacks.rb:26:in `call'
actionpack (5.2.4.2) lib/action_dispatch/middleware/executor.rb:14:in `call'
actionpack (5.2.4.2) lib/action_dispatch/middleware/debug_exceptions.rb:61:in `call'
web-console (3.7.0) lib/web_console/middleware.rb:135:in `call_app'
web-console (3.7.0) lib/web_console/middleware.rb:30:in `block in call'
web-console (3.7.0) lib/web_console/middleware.rb:20:in `catch'
web-console (3.7.0) lib/web_console/middleware.rb:20:in `call'
actionpack (5.2.4.2) lib/action_dispatch/middleware/show_exceptions.rb:33:in `call'
railties (5.2.4.2) lib/rails/rack/logger.rb:38:in `call_app'
railties (5.2.4.2) lib/rails/rack/logger.rb:26:in `block in call'
activesupport (5.2.4.2) lib/active_support/tagged_logging.rb:71:in `block in tagged'
activesupport (5.2.4.2) lib/active_support/tagged_logging.rb:28:in `tagged'
activesupport (5.2.4.2) lib/active_support/tagged_logging.rb:71:in `tagged'
railties (5.2.4.2) lib/rails/rack/logger.rb:26:in `call'
sprockets-rails (3.2.1) lib/sprockets/rails/quiet_assets.rb:13:in `call'
actionpack (5.2.4.2) lib/action_dispatch/middleware/remote_ip.rb:81:in `call'
actionpack (5.2.4.2) lib/action_dispatch/middleware/request_id.rb:27:in `call'
rack (2.2.2) lib/rack/method_override.rb:24:in `call'
rack (2.2.2) lib/rack/runtime.rb:22:in `call'
activesupport (5.2.4.2) lib/active_support/cache/strategy/local_cache_middleware.rb:29:in `call'
actionpack (5.2.4.2) lib/action_dispatch/middleware/executor.rb:14:in `call'
actionpack (5.2.4.2) lib/action_dispatch/middleware/static.rb:127:in `call'
rack (2.2.2) lib/rack/sendfile.rb:110:in `call'
railties (5.2.4.2) lib/rails/engine.rb:524:in `call'
puma (3.12.4) lib/puma/configuration.rb:227:in `call'
puma (3.12.4) lib/puma/server.rb:675:in `handle_request'
puma (3.12.4) lib/puma/server.rb:476:in `process_client'
puma (3.12.4) lib/puma/server.rb:334:in `block in run'
puma (3.12.4) lib/puma/thread_pool.rb:135:in `block in spawn_thread'
Started POST "/users/sign_in" for ::1 at 2020-05-16 21:52:46 +0800
Processing by Devise::SessionsController#create as HTML
  Parameters: {"utf8"=>"✓", "authenticity_token"=>"KGs6xy7W136vXmYlZ8XGo4hUELbDHXPEXXm47iKnf4EnbCxwDcd3dL42GoSQXM7cK9Nb+dbSMzR3tYMH2Oj+xQ==", "user"=>{"email"=>"user1@email.com", "password"=>"[FILTERED]", "remember_me"=>"0"}, "commit"=>"Log in"}
Can't verify CSRF token authenticity.
Completed 422 Unprocessable Entity in 1ms (ActiveRecord: 0.0ms)


  
ActionController::InvalidAuthenticityToken (ActionController::InvalidAuthenticityToken):
  
actionpack (5.2.4.2) lib/action_controller/metal/request_forgery_protection.rb:211:in `handle_unverified_request'
actionpack (5.2.4.2) lib/action_controller/metal/request_forgery_protection.rb:243:in `handle_unverified_request'
devise (4.7.1) lib/devise/controllers/helpers.rb:255:in `handle_unverified_request'
actionpack (5.2.4.2) lib/action_controller/metal/request_forgery_protection.rb:238:in `verify_authenticity_token'
activesupport (5.2.4.2) lib/active_support/callbacks.rb:426:in `block in make_lambda'
activesupport (5.2.4.2) lib/active_support/callbacks.rb:198:in `block (2 levels) in halting'
actionpack (5.2.4.2) lib/abstract_controller/callbacks.rb:34:in `block (2 levels) in <module:Callbacks>'
activesupport (5.2.4.2) lib/active_support/callbacks.rb:199:in `block in halting'
activesupport (5.2.4.2) lib/active_support/callbacks.rb:513:in `block in invoke_before'
activesupport (5.2.4.2) lib/active_support/callbacks.rb:513:in `each'
activesupport (5.2.4.2) lib/active_support/callbacks.rb:513:in `invoke_before'
activesupport (5.2.4.2) lib/active_support/callbacks.rb:131:in `run_callbacks'
actionpack (5.2.4.2) lib/abstract_controller/callbacks.rb:41:in `process_action'
actionpack (5.2.4.2) lib/action_controller/metal/rescue.rb:22:in `process_action'
actionpack (5.2.4.2) lib/action_controller/metal/instrumentation.rb:34:in `block in process_action'
activesupport (5.2.4.2) lib/active_support/notifications.rb:168:in `block in instrument'
activesupport (5.2.4.2) lib/active_support/notifications/instrumenter.rb:23:in `instrument'
activesupport (5.2.4.2) lib/active_support/notifications.rb:168:in `instrument'
actionpack (5.2.4.2) lib/action_controller/metal/instrumentation.rb:32:in `process_action'
actionpack (5.2.4.2) lib/action_controller/metal/params_wrapper.rb:256:in `process_action'
activerecord (5.2.4.2) lib/active_record/railties/controller_runtime.rb:24:in `process_action'
actionpack (5.2.4.2) lib/abstract_controller/base.rb:134:in `process'
actionview (5.2.4.2) lib/action_view/rendering.rb:32:in `process'
actionpack (5.2.4.2) lib/action_controller/metal.rb:191:in `dispatch'
actionpack (5.2.4.2) lib/action_controller/metal.rb:252:in `dispatch'
actionpack (5.2.4.2) lib/action_dispatch/routing/route_set.rb:52:in `dispatch'
actionpack (5.2.4.2) lib/action_dispatch/routing/route_set.rb:34:in `serve'
actionpack (5.2.4.2) lib/action_dispatch/routing/mapper.rb:18:in `block in <class:Constraints>'
actionpack (5.2.4.2) lib/action_dispatch/routing/mapper.rb:48:in `serve'
actionpack (5.2.4.2) lib/action_dispatch/journey/router.rb:52:in `block in serve'
actionpack (5.2.4.2) lib/action_dispatch/journey/router.rb:35:in `each'
actionpack (5.2.4.2) lib/action_dispatch/journey/router.rb:35:in `serve'
actionpack (5.2.4.2) lib/action_dispatch/routing/route_set.rb:840:in `call'
warden (1.2.8) lib/warden/manager.rb:36:in `block in call'
warden (1.2.8) lib/warden/manager.rb:34:in `catch'
warden (1.2.8) lib/warden/manager.rb:34:in `call'
rack (2.2.2) lib/rack/tempfile_reaper.rb:15:in `call'
rack (2.2.2) lib/rack/etag.rb:27:in `call'
rack (2.2.2) lib/rack/conditional_get.rb:40:in `call'
rack (2.2.2) lib/rack/head.rb:12:in `call'
actionpack (5.2.4.2) lib/action_dispatch/http/content_security_policy.rb:18:in `call'
rack (2.2.2) lib/rack/session/abstract/id.rb:266:in `context'
rack (2.2.2) lib/rack/session/abstract/id.rb:260:in `call'
actionpack (5.2.4.2) lib/action_dispatch/middleware/cookies.rb:670:in `call'
activerecord (5.2.4.2) lib/active_record/migration.rb:559:in `call'
actionpack (5.2.4.2) lib/action_dispatch/middleware/callbacks.rb:28:in `block in call'
activesupport (5.2.4.2) lib/active_support/callbacks.rb:98:in `run_callbacks'
actionpack (5.2.4.2) lib/action_dispatch/middleware/callbacks.rb:26:in `call'
actionpack (5.2.4.2) lib/action_dispatch/middleware/executor.rb:14:in `call'
actionpack (5.2.4.2) lib/action_dispatch/middleware/debug_exceptions.rb:61:in `call'
web-console (3.7.0) lib/web_console/middleware.rb:135:in `call_app'
web-console (3.7.0) lib/web_console/middleware.rb:30:in `block in call'
web-console (3.7.0) lib/web_console/middleware.rb:20:in `catch'
web-console (3.7.0) lib/web_console/middleware.rb:20:in `call'
actionpack (5.2.4.2) lib/action_dispatch/middleware/show_exceptions.rb:33:in `call'
railties (5.2.4.2) lib/rails/rack/logger.rb:38:in `call_app'
railties (5.2.4.2) lib/rails/rack/logger.rb:26:in `block in call'
activesupport (5.2.4.2) lib/active_support/tagged_logging.rb:71:in `block in tagged'
activesupport (5.2.4.2) lib/active_support/tagged_logging.rb:28:in `tagged'
activesupport (5.2.4.2) lib/active_support/tagged_logging.rb:71:in `tagged'
railties (5.2.4.2) lib/rails/rack/logger.rb:26:in `call'
sprockets-rails (3.2.1) lib/sprockets/rails/quiet_assets.rb:13:in `call'
actionpack (5.2.4.2) lib/action_dispatch/middleware/remote_ip.rb:81:in `call'
actionpack (5.2.4.2) lib/action_dispatch/middleware/request_id.rb:27:in `call'
rack (2.2.2) lib/rack/method_override.rb:24:in `call'
rack (2.2.2) lib/rack/runtime.rb:22:in `call'
activesupport (5.2.4.2) lib/active_support/cache/strategy/local_cache_middleware.rb:29:in `call'
actionpack (5.2.4.2) lib/action_dispatch/middleware/executor.rb:14:in `call'
actionpack (5.2.4.2) lib/action_dispatch/middleware/static.rb:127:in `call'
rack (2.2.2) lib/rack/sendfile.rb:110:in `call'
railties (5.2.4.2) lib/rails/engine.rb:524:in `call'
puma (3.12.4) lib/puma/configuration.rb:227:in `call'
puma (3.12.4) lib/puma/server.rb:675:in `handle_request'
puma (3.12.4) lib/puma/server.rb:476:in `process_client'
puma (3.12.4) lib/puma/server.rb:334:in `block in run'
puma (3.12.4) lib/puma/thread_pool.rb:135:in `block in spawn_thread'
Started GET "/" for ::1 at 2020-05-16 21:52:51 +0800
Processing by PinsController#index as HTML
  Rendering pins/index.html.erb within layouts/application
  [1m[36mPin Load (1.0ms)[0m  [1m[34mSELECT "pins".* FROM "pins"[0m
  ↳ app/views/pins/index.html.erb:13
  Rendered pins/index.html.erb within layouts/application (14.2ms)
Completed 200 OK in 37ms (Views: 26.0ms | ActiveRecord: 8.1ms)


Started GET "/" for ::1 at 2020-05-16 21:54:14 +0800
Processing by PinsController#index as HTML
  Rendering pins/index.html.erb within layouts/application
  [1m[36mPin Load (0.3ms)[0m  [1m[34mSELECT "pins".* FROM "pins"[0m
  ↳ app/views/pins/index.html.erb:13
  Rendered pins/index.html.erb within layouts/application (2.1ms)
Completed 200 OK in 19ms (Views: 17.0ms | ActiveRecord: 0.3ms)


Started GET "/pins/2" for ::1 at 2020-05-16 21:54:16 +0800
Processing by PinsController#show as HTML
  Parameters: {"id"=>"2"}
  [1m[36mPin Load (0.2ms)[0m  [1m[34mSELECT  "pins".* FROM "pins" WHERE "pins"."id" = $1 LIMIT $2[0m  [["id", 2], ["LIMIT", 1]]
  ↳ app/controllers/pins_controller.rb:8
  Rendering pins/show.html.erb within layouts/application
  Rendered pins/show.html.erb within layouts/application (0.7ms)
Completed 200 OK in 17ms (Views: 14.1ms | ActiveRecord: 0.4ms)


Started GET "/" for ::1 at 2020-05-16 21:54:51 +0800
Processing by PinsController#index as HTML
  Rendering pins/index.html.erb within layouts/application
  [1m[36mPin Load (0.3ms)[0m  [1m[34mSELECT "pins".* FROM "pins"[0m
  ↳ app/views/pins/index.html.erb:14
  Rendered pins/index.html.erb within layouts/application (2.0ms)
Completed 200 OK in 19ms (Views: 17.1ms | ActiveRecord: 0.3ms)


Started GET "/users/sign_in" for ::1 at 2020-05-16 21:54:53 +0800
Processing by Devise::SessionsController#new as HTML
  Rendering devise/sessions/new.html.erb within layouts/application
  Rendered devise/shared/_links.html.erb (0.7ms)
  Rendered devise/sessions/new.html.erb within layouts/application (3.9ms)
Completed 200 OK in 32ms (Views: 20.5ms | ActiveRecord: 4.3ms)


Started POST "/users/sign_in" for ::1 at 2020-05-16 21:55:07 +0800
Processing by Devise::SessionsController#create as HTML
  Parameters: {"utf8"=>"✓", "authenticity_token"=>"yrZUMsWWSSBYE79Ojaj2DxC1PAZykiBz8OklsNPnLt+hT7KdyNinYNWG4E7R1BI27vzwhonp/t95R+Fd+1jrsA==", "user"=>{"email"=>"user1@email.com", "password"=>"[FILTERED]", "remember_me"=>"0"}, "commit"=>"Log in"}
  [1m[36mUser Load (0.6ms)[0m  [1m[34mSELECT  "users".* FROM "users" WHERE "users"."email" = $1 ORDER BY "users"."id" ASC LIMIT $2[0m  [["email", "user1@email.com"], ["LIMIT", 1]]
  ↳ /Users/nausheen/.rbenv/versions/2.5.1/lib/ruby/gems/2.5.0/gems/activerecord-5.2.4.2/lib/active_record/log_subscriber.rb:98
Completed 401 Unauthorized in 3ms (ActiveRecord: 0.6ms)


Processing by Devise::SessionsController#new as HTML
  Parameters: {"utf8"=>"✓", "authenticity_token"=>"yrZUMsWWSSBYE79Ojaj2DxC1PAZykiBz8OklsNPnLt+hT7KdyNinYNWG4E7R1BI27vzwhonp/t95R+Fd+1jrsA==", "user"=>{"email"=>"user1@email.com", "password"=>"[FILTERED]", "remember_me"=>"0"}, "commit"=>"Log in"}
  Rendering devise/sessions/new.html.erb within layouts/application
  Rendered devise/shared/_links.html.erb (0.6ms)
  Rendered devise/sessions/new.html.erb within layouts/application (3.7ms)
Completed 200 OK in 112ms (Views: 17.8ms | ActiveRecord: 0.0ms)


Started POST "/users/sign_in" for ::1 at 2020-05-16 21:55:36 +0800
Processing by Devise::SessionsController#create as HTML
  Parameters: {"utf8"=>"✓", "authenticity_token"=>"yrZUMsWWSSBYE79Ojaj2DxC1PAZykiBz8OklsNPnLt+hT7KdyNinYNWG4E7R1BI27vzwhonp/t95R+Fd+1jrsA==", "user"=>{"email"=>"user1@email.com", "password"=>"[FILTERED]", "remember_me"=>"0"}, "commit"=>"Log in"}
  [1m[36mUser Load (0.3ms)[0m  [1m[34mSELECT  "users".* FROM "users" WHERE "users"."email" = $1 ORDER BY "users"."id" ASC LIMIT $2[0m  [["email", "user1@email.com"], ["LIMIT", 1]]
  ↳ /Users/nausheen/.rbenv/versions/2.5.1/lib/ruby/gems/2.5.0/gems/activerecord-5.2.4.2/lib/active_record/log_subscriber.rb:98
Completed 401 Unauthorized in 2ms (ActiveRecord: 0.3ms)


Processing by Devise::SessionsController#new as HTML
  Parameters: {"utf8"=>"✓", "authenticity_token"=>"yrZUMsWWSSBYE79Ojaj2DxC1PAZykiBz8OklsNPnLt+hT7KdyNinYNWG4E7R1BI27vzwhonp/t95R+Fd+1jrsA==", "user"=>{"email"=>"user1@email.com", "password"=>"[FILTERED]", "remember_me"=>"0"}, "commit"=>"Log in"}
  Rendering devise/sessions/new.html.erb within layouts/application
  Rendered devise/shared/_links.html.erb (0.5ms)
  Rendered devise/sessions/new.html.erb within layouts/application (3.3ms)
Completed 200 OK in 111ms (Views: 17.5ms | ActiveRecord: 0.0ms)


Started POST "/users/sign_in" for ::1 at 2020-05-16 21:55:41 +0800
Processing by Devise::SessionsController#create as HTML
  Parameters: {"utf8"=>"✓", "authenticity_token"=>"qH2pSvC8YR1G7IuwogMUCDBmUmaMgfM0LkSFx75MROXDhE/l/fKPXct51LD+f/Axzi+e5nf6LZin6kEqlvOBig==", "user"=>{"email"=>"user1@email.com", "password"=>"[FILTERED]", "remember_me"=>"0"}, "commit"=>"Log in"}
  [1m[36mUser Load (0.6ms)[0m  [1m[34mSELECT  "users".* FROM "users" WHERE "users"."email" = $1 ORDER BY "users"."id" ASC LIMIT $2[0m  [["email", "user1@email.com"], ["LIMIT", 1]]
  ↳ /Users/nausheen/.rbenv/versions/2.5.1/lib/ruby/gems/2.5.0/gems/activerecord-5.2.4.2/lib/active_record/log_subscriber.rb:98
Completed 401 Unauthorized in 2ms (ActiveRecord: 0.6ms)


Processing by Devise::SessionsController#new as HTML
  Parameters: {"utf8"=>"✓", "authenticity_token"=>"qH2pSvC8YR1G7IuwogMUCDBmUmaMgfM0LkSFx75MROXDhE/l/fKPXct51LD+f/Axzi+e5nf6LZin6kEqlvOBig==", "user"=>{"email"=>"user1@email.com", "password"=>"[FILTERED]", "remember_me"=>"0"}, "commit"=>"Log in"}
  Rendering devise/sessions/new.html.erb within layouts/application
  Rendered devise/shared/_links.html.erb (0.6ms)
  Rendered devise/sessions/new.html.erb within layouts/application (3.6ms)
Completed 200 OK in 113ms (Views: 18.3ms | ActiveRecord: 0.0ms)


Started GET "/users/sign_up" for ::1 at 2020-05-16 21:55:45 +0800
Processing by Devise::RegistrationsController#new as HTML
  Rendering devise/registrations/new.html.erb within layouts/application
  Rendered devise/shared/_error_messages.html.erb (0.4ms)
  Rendered devise/shared/_links.html.erb (1.2ms)
  Rendered devise/registrations/new.html.erb within layouts/application (6.3ms)
Completed 200 OK in 24ms (Views: 22.4ms | ActiveRecord: 0.0ms)


Started POST "/users" for ::1 at 2020-05-16 21:55:58 +0800
Processing by Devise::RegistrationsController#create as HTML
  Parameters: {"utf8"=>"✓", "authenticity_token"=>"kV4Albml7iXpo09ycc/wu7r6L/RYtr4anfKytw+OuBv6p+Y6tOsAZWQ2EHItsxSCRLPjdKPNYLYUXHZaJzF9dA==", "user"=>{"email"=>"user1@email.com", "password"=>"[FILTERED]", "password_confirmation"=>"[FILTERED]"}, "commit"=>"Sign up"}
  [1m[35m (0.2ms)[0m  [1m[35mBEGIN[0m
  ↳ /Users/nausheen/.rbenv/versions/2.5.1/lib/ruby/gems/2.5.0/gems/activerecord-5.2.4.2/lib/active_record/log_subscriber.rb:98
  [1m[36mUser Exists (0.3ms)[0m  [1m[34mSELECT  1 AS one FROM "users" WHERE "users"."email" = $1 LIMIT $2[0m  [["email", "user1@email.com"], ["LIMIT", 1]]
  ↳ /Users/nausheen/.rbenv/versions/2.5.1/lib/ruby/gems/2.5.0/gems/activerecord-5.2.4.2/lib/active_record/log_subscriber.rb:98
  [1m[36mUser Create (1.8ms)[0m  [1m[32mINSERT INTO "users" ("email", "encrypted_password", "created_at", "updated_at") VALUES ($1, $2, $3, $4) RETURNING "id"[0m  [["email", "user1@email.com"], ["encrypted_password", "$2a$11$NslE7I/aq20m/hs3FXPgOOJZrtYFp6HoL657//fSEU1aITEFKFNbW"], ["created_at", "2020-05-16 13:55:58.978508"], ["updated_at", "2020-05-16 13:55:58.978508"]]
  ↳ /Users/nausheen/.rbenv/versions/2.5.1/lib/ruby/gems/2.5.0/gems/activerecord-5.2.4.2/lib/active_record/log_subscriber.rb:98
  [1m[35m (0.4ms)[0m  [1m[35mCOMMIT[0m
  ↳ /Users/nausheen/.rbenv/versions/2.5.1/lib/ruby/gems/2.5.0/gems/activerecord-5.2.4.2/lib/active_record/log_subscriber.rb:98
Redirected to http://localhost:3000/
Completed 302 Found in 110ms (ActiveRecord: 2.8ms)


Started GET "/" for ::1 at 2020-05-16 21:55:58 +0800
Processing by PinsController#index as HTML
  Rendering pins/index.html.erb within layouts/application
  [1m[36mUser Load (0.2ms)[0m  [1m[34mSELECT  "users".* FROM "users" WHERE "users"."id" = $1 ORDER BY "users"."id" ASC LIMIT $2[0m  [["id", 1], ["LIMIT", 1]]
  ↳ app/views/pins/index.html.erb:3
  [1m[36mPin Load (0.2ms)[0m  [1m[34mSELECT "pins".* FROM "pins"[0m
  ↳ app/views/pins/index.html.erb:15
  Rendered pins/index.html.erb within layouts/application (2.6ms)
Completed 200 OK in 15ms (Views: 13.2ms | ActiveRecord: 0.4ms)


Started GET "/" for ::1 at 2020-05-16 21:56:51 +0800
Processing by PinsController#index as HTML
  Rendering pins/index.html.erb within layouts/application
  [1m[36mUser Load (0.3ms)[0m  [1m[34mSELECT  "users".* FROM "users" WHERE "users"."id" = $1 ORDER BY "users"."id" ASC LIMIT $2[0m  [["id", 1], ["LIMIT", 1]]
  ↳ app/views/pins/index.html.erb:2
  [1m[36mPin Load (0.2ms)[0m  [1m[34mSELECT "pins".* FROM "pins"[0m
  ↳ app/views/pins/index.html.erb:14
  Rendered pins/index.html.erb within layouts/application (3.0ms)
Completed 200 OK in 20ms (Views: 17.4ms | ActiveRecord: 0.5ms)


Started DELETE "/users/sign_out" for ::1 at 2020-05-16 21:56:54 +0800
Processing by Devise::SessionsController#destroy as HTML
  Parameters: {"authenticity_token"=>"mCHwVfi6LW2fOOECP/hi5YbMBaB4SLYCoAroIgecMqLz2Bb69fTDLRKtvgJjhIbceIXJIIMzaK4ppCzPLyP3zQ=="}
  [1m[36mUser Load (0.5ms)[0m  [1m[34mSELECT  "users".* FROM "users" WHERE "users"."id" = $1 ORDER BY "users"."id" ASC LIMIT $2[0m  [["id", 1], ["LIMIT", 1]]
  ↳ /Users/nausheen/.rbenv/versions/2.5.1/lib/ruby/gems/2.5.0/gems/activerecord-5.2.4.2/lib/active_record/log_subscriber.rb:98
  [1m[35m (0.2ms)[0m  [1m[35mBEGIN[0m
  ↳ /Users/nausheen/.rbenv/versions/2.5.1/lib/ruby/gems/2.5.0/gems/activerecord-5.2.4.2/lib/active_record/log_subscriber.rb:98
  [1m[35m (0.1ms)[0m  [1m[35mCOMMIT[0m
  ↳ /Users/nausheen/.rbenv/versions/2.5.1/lib/ruby/gems/2.5.0/gems/activerecord-5.2.4.2/lib/active_record/log_subscriber.rb:98
Redirected to http://localhost:3000/
Completed 302 Found in 14ms (ActiveRecord: 0.7ms)


Started GET "/" for ::1 at 2020-05-16 21:56:54 +0800
Processing by PinsController#index as HTML
  Rendering pins/index.html.erb within layouts/application
  [1m[36mPin Load (0.3ms)[0m  [1m[34mSELECT "pins".* FROM "pins"[0m
  ↳ app/views/pins/index.html.erb:14
  Rendered pins/index.html.erb within layouts/application (2.0ms)
Completed 200 OK in 18ms (Views: 15.8ms | ActiveRecord: 0.3ms)


Started GET "/pins/2" for ::1 at 2020-05-16 21:56:58 +0800
Processing by PinsController#show as HTML
  Parameters: {"id"=>"2"}
  [1m[36mPin Load (0.3ms)[0m  [1m[34mSELECT  "pins".* FROM "pins" WHERE "pins"."id" = $1 LIMIT $2[0m  [["id", 2], ["LIMIT", 1]]
  ↳ app/controllers/pins_controller.rb:8
  Rendering pins/show.html.erb within layouts/application
  Rendered pins/show.html.erb within layouts/application (0.4ms)
Completed 200 OK in 18ms (Views: 14.6ms | ActiveRecord: 0.3ms)


Started GET "/pins/2/edit" for ::1 at 2020-05-16 21:57:01 +0800
Processing by PinsController#edit as HTML
  Parameters: {"id"=>"2"}
Completed 401 Unauthorized in 0ms (ActiveRecord: 0.0ms)


Started GET "/users/sign_in" for ::1 at 2020-05-16 21:57:01 +0800
Processing by Devise::SessionsController#new as HTML
  Rendering devise/sessions/new.html.erb within layouts/application
  Rendered devise/shared/_links.html.erb (0.6ms)
  Rendered devise/sessions/new.html.erb within layouts/application (3.7ms)
Completed 200 OK in 20ms (Views: 19.1ms | ActiveRecord: 0.0ms)


Started GET "/users/sign_up" for ::1 at 2020-05-16 21:57:14 +0800
Processing by Devise::RegistrationsController#new as HTML
  Rendering devise/registrations/new.html.erb within layouts/application
  Rendered devise/shared/_error_messages.html.erb (0.4ms)
  Rendered devise/shared/_links.html.erb (0.7ms)
  Rendered devise/registrations/new.html.erb within layouts/application (5.7ms)
Completed 200 OK in 23ms (Views: 22.5ms | ActiveRecord: 0.0ms)


Started POST "/users/sign_in" for ::1 at 2020-05-16 21:57:21 +0800
Processing by Devise::SessionsController#create as HTML
  Parameters: {"utf8"=>"✓", "authenticity_token"=>"rHqfjolxPUnMh3gQnyyqgLfDyBZ8TZWtzu03VULnqux07M1uFJm5+58Y8CLzJKYene5kgqjcXaAWel1pRCI/sg==", "user"=>{"email"=>"user1@email.com", "password"=>"[FILTERED]", "remember_me"=>"0"}, "commit"=>"Log in"}
  [1m[36mUser Load (1.8ms)[0m  [1m[34mSELECT  "users".* FROM "users" WHERE "users"."email" = $1 ORDER BY "users"."id" ASC LIMIT $2[0m  [["email", "user1@email.com"], ["LIMIT", 1]]
  ↳ /Users/nausheen/.rbenv/versions/2.5.1/lib/ruby/gems/2.5.0/gems/activerecord-5.2.4.2/lib/active_record/log_subscriber.rb:98
Redirected to http://localhost:3000/pins/2/edit
Completed 302 Found in 107ms (ActiveRecord: 1.8ms)


Started GET "/pins/2/edit" for ::1 at 2020-05-16 21:57:21 +0800
Processing by PinsController#edit as HTML
  Parameters: {"id"=>"2"}
  [1m[36mUser Load (0.3ms)[0m  [1m[34mSELECT  "users".* FROM "users" WHERE "users"."id" = $1 ORDER BY "users"."id" ASC LIMIT $2[0m  [["id", 1], ["LIMIT", 1]]
  ↳ /Users/nausheen/.rbenv/versions/2.5.1/lib/ruby/gems/2.5.0/gems/activerecord-5.2.4.2/lib/active_record/log_subscriber.rb:98
  [1m[36mPin Load (0.1ms)[0m  [1m[34mSELECT  "pins".* FROM "pins" WHERE "pins"."id" = $1 LIMIT $2[0m  [["id", 2], ["LIMIT", 1]]
  ↳ app/controllers/pins_controller.rb:16
  Rendering pins/edit.html.erb within layouts/application
  Rendered pins/edit.html.erb within layouts/application (6.5ms)
Completed 200 OK in 22ms (Views: 18.8ms | ActiveRecord: 0.4ms)


Started PATCH "/pins/2" for ::1 at 2020-05-16 21:57:39 +0800
Processing by PinsController#update as HTML
  Parameters: {"utf8"=>"✓", "authenticity_token"=>"REzuRWNUkRcZ/jKJ2o3tAsn5OE2rVMAuL2YLAvSxQs+TPWa/BnpnKo3CSfiukXKZ9+mfqzJdmxiIL1J8YvSfng==", "pin"=>{"title"=>"Pin1", "image"=>"Pin1.jpg"}, "commit"=>"Update Pin", "id"=>"2"}
  [1m[36mUser Load (0.5ms)[0m  [1m[34mSELECT  "users".* FROM "users" WHERE "users"."id" = $1 ORDER BY "users"."id" ASC LIMIT $2[0m  [["id", 1], ["LIMIT", 1]]
  ↳ /Users/nausheen/.rbenv/versions/2.5.1/lib/ruby/gems/2.5.0/gems/activerecord-5.2.4.2/lib/active_record/log_subscriber.rb:98
  [1m[36mPin Load (0.3ms)[0m  [1m[34mSELECT  "pins".* FROM "pins" WHERE "pins"."id" = $1 LIMIT $2[0m  [["id", 2], ["LIMIT", 1]]
  ↳ app/controllers/pins_controller.rb:31
  [1m[35m (0.1ms)[0m  [1m[35mBEGIN[0m
  ↳ app/controllers/pins_controller.rb:33
  [1m[35m (1.2ms)[0m  [1m[31mROLLBACK[0m
  ↳ app/controllers/pins_controller.rb:33
Redirected to http://localhost:3000/pins/2
Completed 302 Found in 20ms (ActiveRecord: 2.2ms)


Started GET "/pins/2" for ::1 at 2020-05-16 21:57:39 +0800
Processing by PinsController#show as HTML
  Parameters: {"id"=>"2"}
  [1m[36mPin Load (0.2ms)[0m  [1m[34mSELECT  "pins".* FROM "pins" WHERE "pins"."id" = $1 LIMIT $2[0m  [["id", 2], ["LIMIT", 1]]
  ↳ app/controllers/pins_controller.rb:8
  Rendering pins/show.html.erb within layouts/application
  Rendered pins/show.html.erb within layouts/application (0.4ms)
Completed 200 OK in 16ms (Views: 13.6ms | ActiveRecord: 0.2ms)


Started GET "/pins/2" for ::1 at 2020-05-16 21:59:48 +0800
Processing by PinsController#show as HTML
  Parameters: {"id"=>"2"}
  [1m[36mPin Load (0.3ms)[0m  [1m[34mSELECT  "pins".* FROM "pins" WHERE "pins"."id" = $1 LIMIT $2[0m  [["id", 2], ["LIMIT", 1]]
  ↳ app/controllers/pins_controller.rb:8
  Rendering pins/show.html.erb within layouts/application
  Rendered pins/show.html.erb within layouts/application (215.1ms)
Completed 500 Internal Server Error in 224ms (ActiveRecord: 0.3ms)


  
ActionView::Template::Error (undefined local variable or method `pin' for #<#<Class:0x00007fc25f472678>:0x00007fc260b671d0>
Did you mean?  @pin):
     8:   <%= @pin.image %>
     9: </p>
    10: <%= link_to 'log out', destroy_user_session_url, method: :delete %>
    11: <%= link_to 'Destroy', pin_path(pin),
    12:         method: :delete,
    13:         data: { confirm: 'Are you sure?' } %>
    14: <%= link_to 'Back', root_path %>
  
app/views/pins/show.html.erb:11:in `_app_views_pins_show_html_erb___647101553036189888_70236411508640'
Started GET "/pins/2" for ::1 at 2020-05-16 22:00:27 +0800
Processing by PinsController#show as HTML
  Parameters: {"id"=>"2"}
  [1m[36mPin Load (0.2ms)[0m  [1m[34mSELECT  "pins".* FROM "pins" WHERE "pins"."id" = $1 LIMIT $2[0m  [["id", 2], ["LIMIT", 1]]
  ↳ app/controllers/pins_controller.rb:8
  Rendering pins/show.html.erb within layouts/application
  Rendered pins/show.html.erb within layouts/application (1.5ms)
Completed 200 OK in 17ms (Views: 15.4ms | ActiveRecord: 0.2ms)


Started GET "/" for ::1 at 2020-05-16 22:00:29 +0800
Processing by PinsController#index as HTML
  Rendering pins/index.html.erb within layouts/application
  [1m[36mUser Load (0.3ms)[0m  [1m[34mSELECT  "users".* FROM "users" WHERE "users"."id" = $1 ORDER BY "users"."id" ASC LIMIT $2[0m  [["id", 1], ["LIMIT", 1]]
  ↳ app/views/pins/index.html.erb:2
  [1m[36mPin Load (0.2ms)[0m  [1m[34mSELECT "pins".* FROM "pins"[0m
  ↳ app/views/pins/index.html.erb:14
  Rendered pins/index.html.erb within layouts/application (2.7ms)
Completed 200 OK in 18ms (Views: 15.8ms | ActiveRecord: 0.5ms)


Started GET "/" for ::1 at 2020-05-16 22:01:01 +0800
Processing by PinsController#index as HTML
  Rendering pins/index.html.erb within layouts/application
  [1m[36mUser Load (0.3ms)[0m  [1m[34mSELECT  "users".* FROM "users" WHERE "users"."id" = $1 ORDER BY "users"."id" ASC LIMIT $2[0m  [["id", 1], ["LIMIT", 1]]
  ↳ app/views/pins/index.html.erb:2
  [1m[36mPin Load (0.3ms)[0m  [1m[34mSELECT "pins".* FROM "pins"[0m
  ↳ app/views/pins/index.html.erb:14
  Rendered pins/index.html.erb within layouts/application (8.6ms)
Completed 200 OK in 25ms (Views: 22.2ms | ActiveRecord: 0.6ms)


Started GET "/" for ::1 at 2020-05-16 22:01:04 +0800
Processing by PinsController#index as HTML
  Rendering pins/index.html.erb within layouts/application
  [1m[36mUser Load (0.3ms)[0m  [1m[34mSELECT  "users".* FROM "users" WHERE "users"."id" = $1 ORDER BY "users"."id" ASC LIMIT $2[0m  [["id", 1], ["LIMIT", 1]]
  ↳ app/views/pins/index.html.erb:2
  [1m[36mPin Load (0.3ms)[0m  [1m[34mSELECT "pins".* FROM "pins"[0m
  ↳ app/views/pins/index.html.erb:14
  Rendered pins/index.html.erb within layouts/application (2.6ms)
Completed 200 OK in 18ms (Views: 15.5ms | ActiveRecord: 0.5ms)


Started GET "/" for ::1 at 2020-05-16 22:01:05 +0800
Processing by PinsController#index as HTML
  Rendering pins/index.html.erb within layouts/application
  [1m[36mUser Load (0.2ms)[0m  [1m[34mSELECT  "users".* FROM "users" WHERE "users"."id" = $1 ORDER BY "users"."id" ASC LIMIT $2[0m  [["id", 1], ["LIMIT", 1]]
  ↳ app/views/pins/index.html.erb:2
  [1m[36mPin Load (0.2ms)[0m  [1m[34mSELECT "pins".* FROM "pins"[0m
  ↳ app/views/pins/index.html.erb:14
  Rendered pins/index.html.erb within layouts/application (2.8ms)
Completed 200 OK in 18ms (Views: 16.1ms | ActiveRecord: 0.4ms)


Started GET "/" for ::1 at 2020-05-16 22:01:19 +0800
Processing by PinsController#index as HTML
  Rendering pins/index.html.erb within layouts/application
  [1m[36mUser Load (0.2ms)[0m  [1m[34mSELECT  "users".* FROM "users" WHERE "users"."id" = $1 ORDER BY "users"."id" ASC LIMIT $2[0m  [["id", 1], ["LIMIT", 1]]
  ↳ app/views/pins/index.html.erb:2
  [1m[36mPin Load (0.2ms)[0m  [1m[34mSELECT "pins".* FROM "pins"[0m
  ↳ app/views/pins/index.html.erb:14
  Rendered pins/index.html.erb within layouts/application (2.7ms)
Completed 200 OK in 21ms (Views: 18.5ms | ActiveRecord: 0.5ms)


Started DELETE "/users/sign_out" for ::1 at 2020-05-16 22:01:34 +0800
Processing by Devise::SessionsController#destroy as HTML
  Parameters: {"authenticity_token"=>"49K7RcCM5zGK9Ijdp9qURcsCSr44y7FP4dk70x2H9Ug0ozO/paIRDB7I86zTxgve9RLtWKHC6nlGkGKti8IoGQ=="}
  [1m[36mUser Load (0.2ms)[0m  [1m[34mSELECT  "users".* FROM "users" WHERE "users"."id" = $1 ORDER BY "users"."id" ASC LIMIT $2[0m  [["id", 1], ["LIMIT", 1]]
  ↳ /Users/nausheen/.rbenv/versions/2.5.1/lib/ruby/gems/2.5.0/gems/activerecord-5.2.4.2/lib/active_record/log_subscriber.rb:98
  [1m[35m (0.1ms)[0m  [1m[35mBEGIN[0m
  ↳ /Users/nausheen/.rbenv/versions/2.5.1/lib/ruby/gems/2.5.0/gems/activerecord-5.2.4.2/lib/active_record/log_subscriber.rb:98
  [1m[35m (0.1ms)[0m  [1m[35mCOMMIT[0m
  ↳ /Users/nausheen/.rbenv/versions/2.5.1/lib/ruby/gems/2.5.0/gems/activerecord-5.2.4.2/lib/active_record/log_subscriber.rb:98
Redirected to http://localhost:3000/
Completed 302 Found in 4ms (ActiveRecord: 0.4ms)


Started GET "/" for ::1 at 2020-05-16 22:01:34 +0800
Processing by PinsController#index as HTML
  Rendering pins/index.html.erb within layouts/application
  [1m[36mPin Load (0.3ms)[0m  [1m[34mSELECT "pins".* FROM "pins"[0m
  ↳ app/views/pins/index.html.erb:14
  Rendered pins/index.html.erb within layouts/application (1.9ms)
Completed 200 OK in 17ms (Views: 15.0ms | ActiveRecord: 0.3ms)


Started DELETE "/users/sign_out" for ::1 at 2020-05-16 22:01:36 +0800
Processing by Devise::SessionsController#destroy as HTML
  Parameters: {"authenticity_token"=>"u9Zesq9L3cOvBMfMw/JjTZhem58BFrraGbm4sOcKWYmMwcj/hkrac71gKRP+AtPzW39EPAB6tsAtf0ZKrmYX6Q=="}
Redirected to http://localhost:3000/
Filter chain halted as :verify_signed_out_user rendered or redirected
Completed 302 Found in 1ms (ActiveRecord: 0.0ms)


Started GET "/" for ::1 at 2020-05-16 22:01:36 +0800
Processing by PinsController#index as HTML
  Rendering pins/index.html.erb within layouts/application
  [1m[36mPin Load (0.3ms)[0m  [1m[34mSELECT "pins".* FROM "pins"[0m
  ↳ app/views/pins/index.html.erb:14
  Rendered pins/index.html.erb within layouts/application (1.8ms)
Completed 200 OK in 15ms (Views: 13.0ms | ActiveRecord: 0.3ms)


Started GET "/" for ::1 at 2020-05-16 22:02:42 +0800
Processing by PinsController#index as HTML
  Rendering pins/index.html.erb within layouts/application
  [1m[36mPin Load (0.3ms)[0m  [1m[34mSELECT "pins".* FROM "pins"[0m
  ↳ app/views/pins/index.html.erb:17
  Rendered pins/index.html.erb within layouts/application (2.1ms)
Completed 200 OK in 19ms (Views: 16.8ms | ActiveRecord: 0.3ms)


Started GET "/users/sign_in" for ::1 at 2020-05-16 22:02:44 +0800
Processing by Devise::SessionsController#new as HTML
  Rendering devise/sessions/new.html.erb within layouts/application
  Rendered devise/shared/_links.html.erb (0.7ms)
  Rendered devise/sessions/new.html.erb within layouts/application (4.2ms)
Completed 200 OK in 23ms (Views: 22.3ms | ActiveRecord: 0.0ms)


Started POST "/users/sign_in" for ::1 at 2020-05-16 22:03:08 +0800
Processing by Devise::SessionsController#create as HTML
  Parameters: {"utf8"=>"✓", "authenticity_token"=>"P9GZoNS6pdCnxjcQ/RWdm6Ll56qtjmYESfr9vhNkpdIIxg/t/buiYLWi2c/A5S0lYcQ4Caziah59PANEWgjrsg==", "user"=>{"email"=>"user1@email.com", "password"=>"[FILTERED]", "remember_me"=>"0"}, "commit"=>"Log in"}
  [1m[36mUser Load (0.5ms)[0m  [1m[34mSELECT  "users".* FROM "users" WHERE "users"."email" = $1 ORDER BY "users"."id" ASC LIMIT $2[0m  [["email", "user1@email.com"], ["LIMIT", 1]]
  ↳ /Users/nausheen/.rbenv/versions/2.5.1/lib/ruby/gems/2.5.0/gems/activerecord-5.2.4.2/lib/active_record/log_subscriber.rb:98
Redirected to http://localhost:3000/
Completed 302 Found in 104ms (ActiveRecord: 0.5ms)


Started GET "/" for ::1 at 2020-05-16 22:03:09 +0800
Processing by PinsController#index as HTML
  Rendering pins/index.html.erb within layouts/application
  [1m[36mUser Load (0.2ms)[0m  [1m[34mSELECT  "users".* FROM "users" WHERE "users"."id" = $1 ORDER BY "users"."id" ASC LIMIT $2[0m  [["id", 1], ["LIMIT", 1]]
  ↳ app/views/pins/index.html.erb:2
  [1m[36mPin Load (0.2ms)[0m  [1m[34mSELECT "pins".* FROM "pins"[0m
  ↳ app/views/pins/index.html.erb:17
  Rendered pins/index.html.erb within layouts/application (2.4ms)
Completed 200 OK in 16ms (Views: 14.5ms | ActiveRecord: 0.5ms)


Started DELETE "/users/sign_out" for ::1 at 2020-05-16 22:03:14 +0800
Processing by Devise::SessionsController#destroy as HTML
  Parameters: {"authenticity_token"=>"rTZ/JNe7JY+0x4lF1cxZ9AjS+5fK7kDT7bDmsBwYS0uTt9gKSnLhrIyHQWV2vowMeF4Iva3qN5/MKfrIW+S2hg=="}
  [1m[36mUser Load (0.2ms)[0m  [1m[34mSELECT  "users".* FROM "users" WHERE "users"."id" = $1 ORDER BY "users"."id" ASC LIMIT $2[0m  [["id", 1], ["LIMIT", 1]]
  ↳ /Users/nausheen/.rbenv/versions/2.5.1/lib/ruby/gems/2.5.0/gems/activerecord-5.2.4.2/lib/active_record/log_subscriber.rb:98
  [1m[35m (0.1ms)[0m  [1m[35mBEGIN[0m
  ↳ /Users/nausheen/.rbenv/versions/2.5.1/lib/ruby/gems/2.5.0/gems/activerecord-5.2.4.2/lib/active_record/log_subscriber.rb:98
  [1m[35m (0.1ms)[0m  [1m[35mCOMMIT[0m
  ↳ /Users/nausheen/.rbenv/versions/2.5.1/lib/ruby/gems/2.5.0/gems/activerecord-5.2.4.2/lib/active_record/log_subscriber.rb:98
Redirected to http://localhost:3000/
Completed 302 Found in 4ms (ActiveRecord: 0.5ms)


Started GET "/" for ::1 at 2020-05-16 22:03:14 +0800
Processing by PinsController#index as HTML
  Rendering pins/index.html.erb within layouts/application
  [1m[36mPin Load (0.3ms)[0m  [1m[34mSELECT "pins".* FROM "pins"[0m
  ↳ app/views/pins/index.html.erb:17
  Rendered pins/index.html.erb within layouts/application (2.1ms)
Completed 200 OK in 17ms (Views: 15.3ms | ActiveRecord: 0.3ms)


